--------------------------------------------------------------------------------
Release 14.2 Trace  (nt64)
Copyright (c) 1995-2012 Xilinx, Inc.  All rights reserved.

C:\Xilinx\14.2\ISE_DS\ISE\bin\nt64\unwrapped\trce.exe -intstyle ise -v 3 -s 5
-n 3 -fastpaths -xml TOP05.twx TOP05.ncd -o TOP05.twr TOP05.pcf -ucf
TOP_ucf.ucf

Design file:              TOP05.ncd
Physical constraint file: TOP05.pcf
Device,package,speed:     xc3s100e,cp132,-5 (PRODUCTION 1.27 2012-07-09)
Report level:             verbose report

Environment Variable      Effect 
--------------------      ------ 
NONE                      No environment variables were set
--------------------------------------------------------------------------------

INFO:Timing:2698 - No timing constraints found, doing default enumeration.
INFO:Timing:3412 - To improve timing, see the Timing Closure User Guide (UG612).
INFO:Timing:2752 - To get complete path coverage, use the unconstrained paths 
   option. All paths that are not constrained will be reported in the 
   unconstrained paths section(s) of the report.
INFO:Timing:3339 - The clock-to-out numbers in this timing report are based on 
   a 50 Ohm transmission line loading model.  For the details of this model, 
   and for more information on accounting for different loading conditions, 
   please see the device datasheet.
INFO:Timing:3390 - This architecture does not support a default System Jitter 
   value, please add SYSTEM_JITTER constraint to the UCF to modify the Clock 
   Uncertainty calculation.
INFO:Timing:3389 - This architecture does not support 'Discrete Jitter' and 
   'Phase Error' calculations, these terms will be zero in the Clock 
   Uncertainty calculation.  Please make appropriate modification to 
   SYSTEM_JITTER to account for the unsupported Discrete Jitter and Phase 
   Error.



Data Sheet report:
-----------------
All values displayed in nanoseconds (ns)

Setup/Hold to clock CLK
------------+------------+------------+------------------+--------+
            |Max Setup to|Max Hold to |                  | Clock  |
Source      | clk (edge) | clk (edge) |Internal Clock(s) | Phase  |
------------+------------+------------+------------------+--------+
Push        |    1.228(R)|    0.114(R)|CLK_BUFGP         |   0.000|
------------+------------+------------+------------------+--------+

Clock CLK to Pad
--------------+------------+------------------+--------+
              | clk (edge) |                  | Clock  |
Destination   |   to PAD   |Internal Clock(s) | Phase  |
--------------+------------+------------------+--------+
Anodo<0>      |    8.323(R)|CLK_BUFGP         |   0.000|
Anodo<1>      |    8.204(R)|CLK_BUFGP         |   0.000|
Anodo<2>      |    8.329(R)|CLK_BUFGP         |   0.000|
Anodo<3>      |    7.718(R)|CLK_BUFGP         |   0.000|
Catodo<0>     |   13.103(R)|CLK_BUFGP         |   0.000|
Catodo<1>     |   12.664(R)|CLK_BUFGP         |   0.000|
Catodo<2>     |   12.703(R)|CLK_BUFGP         |   0.000|
Catodo<3>     |   13.037(R)|CLK_BUFGP         |   0.000|
Catodo<4>     |   13.383(R)|CLK_BUFGP         |   0.000|
Catodo<5>     |   12.906(R)|CLK_BUFGP         |   0.000|
Catodo<6>     |   12.629(R)|CLK_BUFGP         |   0.000|
Instruction<0>|    7.177(R)|CLK_BUFGP         |   0.000|
Instruction<1>|    7.430(R)|CLK_BUFGP         |   0.000|
Instruction<2>|    7.169(R)|CLK_BUFGP         |   0.000|
Instruction<3>|    7.161(R)|CLK_BUFGP         |   0.000|
Instruction<4>|    7.629(R)|CLK_BUFGP         |   0.000|
Instruction<5>|    7.466(R)|CLK_BUFGP         |   0.000|
Instruction<6>|    8.086(R)|CLK_BUFGP         |   0.000|
Instruction<7>|    7.819(R)|CLK_BUFGP         |   0.000|
SalCOP<0>     |    8.450(R)|CLK_BUFGP         |   0.000|
SalCOP<1>     |    7.948(R)|CLK_BUFGP         |   0.000|
SalFZ         |    7.747(R)|CLK_BUFGP         |   0.000|
--------------+------------+------------------+--------+

Clock to Setup on destination clock CLK
---------------+---------+---------+---------+---------+
               | Src:Rise| Src:Fall| Src:Rise| Src:Fall|
Source Clock   |Dest:Rise|Dest:Rise|Dest:Fall|Dest:Fall|
---------------+---------+---------+---------+---------+
CLK            |    4.234|         |         |         |
---------------+---------+---------+---------+---------+


Analysis completed Wed Jan 17 12:34:30 2018 
--------------------------------------------------------------------------------

Trace Settings:
-------------------------
Trace Settings 

Peak Memory Usage: 211 MB



