ISim log file
Running: C:\Users\Jesus\Xilinx\Proyecto02\xnor_gate_isim_beh.exe -intstyle ise -gui -tclbatch isim.cmd -wdb C:/Users/Jesus/Xilinx/Proyecto02/xnor_gate_isim_beh.wdb 
ISim P.28xd (signature 0xa0883be4)
WARNING: A WEBPACK license was found.
WARNING: Please use Xilinx License Configuration Manager to check out a full ISim license.
WARNING: ISim will run in Lite mode. Please refer to the ISim documentation for more information on the differences between the Lite and the Full version.
This is a Lite version of ISim.
Time resolution is 1 ps
# onerror resume
# wave add /
# run 1000 ns
Simulator is doing circuit initialization process.
Finished circuit initialization process.
# isim force add /xnor_gate/a 1 -radix bin -cancel 25 ps
# isim force add /xnor_gate/b 0 -radix bin -cancel 25 ps
# run all
# run all
# run 1.00us
# run 1.00us
# run 1.00us
# run 1.00us
# run 1.00us
# run 1.00us
# run 1.00us
# run 1.00us
# run 1.00us
# run 1.00us
# run 1.00us
# run 1.00us
# run 1.00us
# run 1.00us
# restart
# run 1.00us
Simulator is doing circuit initialization process.
Finished circuit initialization process.
# isim force add /xnor_gate/a 1 -radix bin -cancel 25 ps
# isim force add /xnor_gate/a 1 -radix bin -cancel 25 ps
# isim force add /xnor_gate/b 0 -radix bin -cancel 25 ps
# run 1.00us
# run all
# restart
# restart
# restart
# restart
# restart
# run all
Simulator is doing circuit initialization process.
Finished circuit initialization process.
# run all
# run all
# run 1.00us
ISim P.28xd (signature 0xa0883be4)
WARNING: A WEBPACK license was found.
WARNING: Please use Xilinx License Configuration Manager to check out a full ISim license.
WARNING: ISim will run in Lite mode. Please refer to the ISim documentation for more information on the differences between the Lite and the Full version.
This is a Lite version of ISim.
# run 1000 ns
Simulator is doing circuit initialization process.
Finished circuit initialization process.
# isim force add /xnor_gate/a 1 -radix bin
# isim force add /xnor_gate/b 1 -radix bin
# run 1.00us
# restart
# isim force add /xnor_gate/a 1 -radix bin
# isim force add /xnor_gate/a 1 -radix bin
# isim force add /xnor_gate/b 1 -radix bin
# run 1.00us
Simulator is doing circuit initialization process.
Finished circuit initialization process.
