\BOOKMARK [-1][-]{part.1}{I Introducci\363n}{}% 1
\BOOKMARK [0][-]{chapter.1}{AWS}{part.1}% 2
\BOOKMARK [1][-]{section.1.1}{Historia}{chapter.1}% 3
\BOOKMARK [1][-]{section.1.2}{Descripci\363n}{chapter.1}% 4
\BOOKMARK [0][-]{chapter.2}{Azure}{part.1}% 5
\BOOKMARK [1][-]{section.2.1}{Historia}{chapter.2}% 6
\BOOKMARK [1][-]{section.2.2}{Descripci\363n}{chapter.2}% 7
\BOOKMARK [-1][-]{part.2}{II Caracter\355sticas y limitaciones}{}% 8
\BOOKMARK [0][-]{chapter.3}{Caracter\355sticas y limitaciones de AWS}{part.2}% 9
\BOOKMARK [1][-]{section.3.1}{Caracter\355sticas}{chapter.3}% 10
\BOOKMARK [1][-]{section.3.2}{Limitaciones}{chapter.3}% 11
\BOOKMARK [0][-]{chapter.4}{Caracter\355sticas y limitaciones de Azure}{part.2}% 12
\BOOKMARK [1][-]{section.4.1}{Caracter\355sticas}{chapter.4}% 13
\BOOKMARK [1][-]{section.4.2}{Limitaciones}{chapter.4}% 14
\BOOKMARK [-1][-]{part.3}{III Comparaci\363n de los servicios ofrecidos por AWS y Azure}{}% 15
\BOOKMARK [0][-]{chapter.5}{Creaci\363n de m\341quinas virtuales en AWS y Azure}{part.3}% 16
\BOOKMARK [1][-]{section.5.1}{Creaci\363n de una m\341quina virtual en AWS}{chapter.5}% 17
\BOOKMARK [1][-]{section.5.2}{Creaci\363n de una m\341quina virtual en Azure}{chapter.5}% 18
\BOOKMARK [0][-]{chapter.6}{Creaci\363n de webs en AWS y Azure}{part.3}% 19
\BOOKMARK [1][-]{section.6.1}{Creaci\363n de una web en AWS}{chapter.6}% 20
\BOOKMARK [1][-]{section.6.2}{Creaci\363n de una web en Azure}{chapter.6}% 21
\BOOKMARK [0][-]{chapter.7}{Creaci\363n de servicios de IoT en AWS y Azure}{part.3}% 22
\BOOKMARK [1][-]{section.7.1}{Creaci\363n de servicios IoT en AWS}{chapter.7}% 23
\BOOKMARK [1][-]{section.7.2}{Creaci\363n de servicios IoT en Azure}{chapter.7}% 24
\BOOKMARK [-1][-]{part.4}{IV Anexo}{}% 25
\BOOKMARK [0][-]{chapter.8}{Referencias}{part.4}% 26
