--------------------------------------------------------------------------------
Release 14.2 Trace  (nt64)
Copyright (c) 1995-2012 Xilinx, Inc.  All rights reserved.

C:\Xilinx\14.2\ISE_DS\ISE\bin\nt64\unwrapped\trce.exe -intstyle ise -v 3 -s 5
-n 3 -fastpaths -xml Display7Seg_4ON.twx Display7Seg_4ON.ncd -o
Display7Seg_4ON.twr Display7Seg_4ON.pcf -ucf Display7Seg_4ON_ucf.ucf

Design file:              Display7Seg_4ON.ncd
Physical constraint file: Display7Seg_4ON.pcf
Device,package,speed:     xc3s100e,cp132,-5 (PRODUCTION 1.27 2012-07-09)
Report level:             verbose report

Environment Variable      Effect 
--------------------      ------ 
NONE                      No environment variables were set
--------------------------------------------------------------------------------

INFO:Timing:2698 - No timing constraints found, doing default enumeration.
INFO:Timing:3412 - To improve timing, see the Timing Closure User Guide (UG612).
INFO:Timing:2752 - To get complete path coverage, use the unconstrained paths 
   option. All paths that are not constrained will be reported in the 
   unconstrained paths section(s) of the report.
INFO:Timing:3339 - The clock-to-out numbers in this timing report are based on 
   a 50 Ohm transmission line loading model.  For the details of this model, 
   and for more information on accounting for different loading conditions, 
   please see the device datasheet.
INFO:Timing:3390 - This architecture does not support a default System Jitter 
   value, please add SYSTEM_JITTER constraint to the UCF to modify the Clock 
   Uncertainty calculation.
INFO:Timing:3389 - This architecture does not support 'Discrete Jitter' and 
   'Phase Error' calculations, these terms will be zero in the Clock 
   Uncertainty calculation.  Please make appropriate modification to 
   SYSTEM_JITTER to account for the unsupported Discrete Jitter and Phase 
   Error.



Data Sheet report:
-----------------
All values displayed in nanoseconds (ns)

Clock CLK to Pad
------------+------------+------------------+--------+
            | clk (edge) |                  | Clock  |
Destination |   to PAD   |Internal Clock(s) | Phase  |
------------+------------+------------------+--------+
Anodo<0>    |    9.448(R)|CLK_BUFGP         |   0.000|
Anodo<1>    |    9.098(R)|CLK_BUFGP         |   0.000|
Anodo<2>    |    9.512(R)|CLK_BUFGP         |   0.000|
Anodo<3>    |    9.196(R)|CLK_BUFGP         |   0.000|
Catodo<0>   |   11.949(R)|CLK_BUFGP         |   0.000|
Catodo<1>   |   11.987(R)|CLK_BUFGP         |   0.000|
Catodo<2>   |   11.887(R)|CLK_BUFGP         |   0.000|
Catodo<3>   |   11.692(R)|CLK_BUFGP         |   0.000|
Catodo<4>   |   12.072(R)|CLK_BUFGP         |   0.000|
Catodo<5>   |   12.375(R)|CLK_BUFGP         |   0.000|
Catodo<6>   |   12.278(R)|CLK_BUFGP         |   0.000|
------------+------------+------------------+--------+

Clock to Setup on destination clock CLK
---------------+---------+---------+---------+---------+
               | Src:Rise| Src:Fall| Src:Rise| Src:Fall|
Source Clock   |Dest:Rise|Dest:Rise|Dest:Fall|Dest:Fall|
---------------+---------+---------+---------+---------+
CLK            |    4.182|         |         |         |
---------------+---------+---------+---------+---------+

Pad to Pad
---------------+---------------+---------+
Source Pad     |Destination Pad|  Delay  |
---------------+---------------+---------+
Dato1<0>       |Catodo<0>      |    8.368|
Dato1<0>       |Catodo<1>      |    8.613|
Dato1<0>       |Catodo<2>      |    8.475|
Dato1<0>       |Catodo<3>      |    8.140|
Dato1<0>       |Catodo<4>      |    8.736|
Dato1<0>       |Catodo<5>      |    8.990|
Dato1<0>       |Catodo<6>      |    8.947|
Dato1<1>       |Catodo<0>      |    7.937|
Dato1<1>       |Catodo<1>      |    7.975|
Dato1<1>       |Catodo<2>      |    8.018|
Dato1<1>       |Catodo<3>      |    7.658|
Dato1<1>       |Catodo<4>      |    7.979|
Dato1<1>       |Catodo<5>      |    8.500|
Dato1<1>       |Catodo<6>      |    8.134|
Dato1<2>       |Catodo<0>      |    7.884|
Dato1<2>       |Catodo<1>      |    8.699|
Dato1<2>       |Catodo<2>      |    8.694|
Dato1<2>       |Catodo<3>      |    7.661|
Dato1<2>       |Catodo<4>      |    9.027|
Dato1<2>       |Catodo<5>      |    9.232|
Dato1<2>       |Catodo<6>      |    9.233|
Dato1<3>       |Catodo<0>      |    9.399|
Dato1<3>       |Catodo<1>      |    9.437|
Dato1<3>       |Catodo<2>      |    9.337|
Dato1<3>       |Catodo<3>      |    9.142|
Dato1<3>       |Catodo<4>      |    9.441|
Dato1<3>       |Catodo<5>      |    9.825|
Dato1<3>       |Catodo<6>      |    9.618|
Dato2<0>       |Catodo<0>      |    9.456|
Dato2<0>       |Catodo<1>      |    9.701|
Dato2<0>       |Catodo<2>      |    9.563|
Dato2<0>       |Catodo<3>      |    9.228|
Dato2<0>       |Catodo<4>      |    9.824|
Dato2<0>       |Catodo<5>      |   10.078|
Dato2<0>       |Catodo<6>      |   10.035|
Dato2<1>       |Catodo<0>      |    9.141|
Dato2<1>       |Catodo<1>      |    9.179|
Dato2<1>       |Catodo<2>      |    9.222|
Dato2<1>       |Catodo<3>      |    8.862|
Dato2<1>       |Catodo<4>      |    9.183|
Dato2<1>       |Catodo<5>      |    9.704|
Dato2<1>       |Catodo<6>      |    9.338|
Dato2<2>       |Catodo<0>      |    8.337|
Dato2<2>       |Catodo<1>      |    9.152|
Dato2<2>       |Catodo<2>      |    9.147|
Dato2<2>       |Catodo<3>      |    8.114|
Dato2<2>       |Catodo<4>      |    9.480|
Dato2<2>       |Catodo<5>      |    9.685|
Dato2<2>       |Catodo<6>      |    9.686|
Dato2<3>       |Catodo<0>      |    7.978|
Dato2<3>       |Catodo<1>      |    8.016|
Dato2<3>       |Catodo<2>      |    7.916|
Dato2<3>       |Catodo<3>      |    7.721|
Dato2<3>       |Catodo<4>      |    8.020|
Dato2<3>       |Catodo<5>      |    8.404|
Dato2<3>       |Catodo<6>      |    8.197|
Dato3<0>       |Catodo<0>      |    8.511|
Dato3<0>       |Catodo<1>      |    8.756|
Dato3<0>       |Catodo<2>      |    8.618|
Dato3<0>       |Catodo<3>      |    8.283|
Dato3<0>       |Catodo<4>      |    8.879|
Dato3<0>       |Catodo<5>      |    9.133|
Dato3<0>       |Catodo<6>      |    9.090|
Dato3<1>       |Catodo<0>      |    8.189|
Dato3<1>       |Catodo<1>      |    8.227|
Dato3<1>       |Catodo<2>      |    8.270|
Dato3<1>       |Catodo<3>      |    7.910|
Dato3<1>       |Catodo<4>      |    8.231|
Dato3<1>       |Catodo<5>      |    8.752|
Dato3<1>       |Catodo<6>      |    8.386|
Dato3<2>       |Catodo<0>      |    7.937|
Dato3<2>       |Catodo<1>      |    8.752|
Dato3<2>       |Catodo<2>      |    8.747|
Dato3<2>       |Catodo<3>      |    7.714|
Dato3<2>       |Catodo<4>      |    9.080|
Dato3<2>       |Catodo<5>      |    9.285|
Dato3<2>       |Catodo<6>      |    9.286|
Dato3<3>       |Catodo<0>      |    8.273|
Dato3<3>       |Catodo<1>      |    8.311|
Dato3<3>       |Catodo<2>      |    8.211|
Dato3<3>       |Catodo<3>      |    8.016|
Dato3<3>       |Catodo<4>      |    8.315|
Dato3<3>       |Catodo<5>      |    8.699|
Dato3<3>       |Catodo<6>      |    8.492|
Dato4<0>       |Catodo<0>      |    8.042|
Dato4<0>       |Catodo<1>      |    8.287|
Dato4<0>       |Catodo<2>      |    8.149|
Dato4<0>       |Catodo<3>      |    7.814|
Dato4<0>       |Catodo<4>      |    8.410|
Dato4<0>       |Catodo<5>      |    8.664|
Dato4<0>       |Catodo<6>      |    8.621|
Dato4<1>       |Catodo<0>      |    7.571|
Dato4<1>       |Catodo<1>      |    7.609|
Dato4<1>       |Catodo<2>      |    7.652|
Dato4<1>       |Catodo<3>      |    7.292|
Dato4<1>       |Catodo<4>      |    7.613|
Dato4<1>       |Catodo<5>      |    8.134|
Dato4<1>       |Catodo<6>      |    7.768|
Dato4<2>       |Catodo<0>      |    7.777|
Dato4<2>       |Catodo<1>      |    8.592|
Dato4<2>       |Catodo<2>      |    8.587|
Dato4<2>       |Catodo<3>      |    7.554|
Dato4<2>       |Catodo<4>      |    8.920|
Dato4<2>       |Catodo<5>      |    9.125|
Dato4<2>       |Catodo<6>      |    9.126|
Dato4<3>       |Catodo<0>      |    7.945|
Dato4<3>       |Catodo<1>      |    7.983|
Dato4<3>       |Catodo<2>      |    7.883|
Dato4<3>       |Catodo<3>      |    7.688|
Dato4<3>       |Catodo<4>      |    7.987|
Dato4<3>       |Catodo<5>      |    8.371|
Dato4<3>       |Catodo<6>      |    8.164|
---------------+---------------+---------+


Analysis completed Wed Nov 22 11:02:55 2017 
--------------------------------------------------------------------------------

Trace Settings:
-------------------------
Trace Settings 

Peak Memory Usage: 174 MB



