--------------------------------------------------------------------------------
Release 14.2 Trace  (nt64)
Copyright (c) 1995-2012 Xilinx, Inc.  All rights reserved.

C:\Xilinx\14.2\ISE_DS\ISE\bin\nt64\unwrapped\trce.exe -intstyle ise -v 3 -s 4
-n 3 -fastpaths -xml Cod2to4_Prior.twx Cod2to4_Prior.ncd -o Cod2to4_Prior.twr
Cod2to4_Prior.pcf -ucf Cod2to4_Prior_ucf.ucf

Design file:              Cod2to4_Prior.ncd
Physical constraint file: Cod2to4_Prior.pcf
Device,package,speed:     xc3s100e,cp132,-4 (PRODUCTION 1.27 2012-07-09)
Report level:             verbose report

Environment Variable      Effect 
--------------------      ------ 
NONE                      No environment variables were set
--------------------------------------------------------------------------------

INFO:Timing:2698 - No timing constraints found, doing default enumeration.
INFO:Timing:3412 - To improve timing, see the Timing Closure User Guide (UG612).
INFO:Timing:2752 - To get complete path coverage, use the unconstrained paths 
   option. All paths that are not constrained will be reported in the 
   unconstrained paths section(s) of the report.
INFO:Timing:3339 - The clock-to-out numbers in this timing report are based on 
   a 50 Ohm transmission line loading model.  For the details of this model, 
   and for more information on accounting for different loading conditions, 
   please see the device datasheet.
INFO:Timing:3390 - This architecture does not support a default System Jitter 
   value, please add SYSTEM_JITTER constraint to the UCF to modify the Clock 
   Uncertainty calculation.
INFO:Timing:3389 - This architecture does not support 'Discrete Jitter' and 
   'Phase Error' calculations, these terms will be zero in the Clock 
   Uncertainty calculation.  Please make appropriate modification to 
   SYSTEM_JITTER to account for the unsupported Discrete Jitter and Phase 
   Error.



Data Sheet report:
-----------------
All values displayed in nanoseconds (ns)

Pad to Pad
---------------+---------------+---------+
Source Pad     |Destination Pad|  Delay  |
---------------+---------------+---------+
Enable         |S<0>           |    6.277|
Enable         |S<1>           |    6.164|
I<0>           |S<0>           |    7.085|
I<0>           |S<1>           |    7.956|
I<1>           |S<0>           |    7.928|
I<1>           |S<1>           |    8.806|
I<2>           |S<0>           |    7.386|
I<2>           |S<1>           |    8.199|
I<3>           |S<0>           |    7.707|
I<3>           |S<1>           |    8.547|
---------------+---------------+---------+


Analysis completed Fri Oct 13 09:47:34 2017 
--------------------------------------------------------------------------------

Trace Settings:
-------------------------
Trace Settings 

Peak Memory Usage: 158 MB



