\BOOKMARK [0][-]{chapter.1}{Plano de cableado horizontal}{}% 1
\BOOKMARK [1][-]{section.1.1}{Planta baja}{chapter.1}% 2
\BOOKMARK [2][-]{subsection.1.1.1}{Salas de telecomunicaciones y de equipamiento}{section.1.1}% 3
\BOOKMARK [2][-]{subsection.1.1.2}{Distribuidores etiquetados}{section.1.1}% 4
\BOOKMARK [2][-]{subsection.1.1.3}{Tomas de comunicaciones etiquetadas instaladas en cada sala}{section.1.1}% 5
\BOOKMARK [1][-]{section.1.2}{Planta alta}{chapter.1}% 6
\BOOKMARK [2][-]{subsection.1.2.1}{Salas de telecomunicaciones y de equipamiento}{section.1.2}% 7
\BOOKMARK [2][-]{subsection.1.2.2}{Distribuidores etiquetados}{section.1.2}% 8
\BOOKMARK [2][-]{subsection.1.2.3}{Tomas de comunicaciones etiquetadas instaladas en cada sala}{section.1.2}% 9
\BOOKMARK [0][-]{chapter.2}{Distribuidores}{}% 10
\BOOKMARK [1][-]{section.2.1}{Planta baja. RACK 0}{chapter.2}% 11
\BOOKMARK [1][-]{section.2.2}{Planta alta. RACK 1}{chapter.2}% 12
\BOOKMARK [0][-]{chapter.3}{Plano de cableado vertical}{}% 13
\BOOKMARK [1][-]{section.3.1}{Distribuidores etiquetados. Dentro de cada distribuidor detallar gr\341ficamente los dispositivos instalados}{chapter.3}% 14
\BOOKMARK [0][-]{chapter.4}{Plano de conexi\363n}{}% 15
\BOOKMARK [0][-]{chapter.5}{Justificaciones}{}% 16
\BOOKMARK [1][-]{section.5.1}{Cableado horizontal}{chapter.5}% 17
\BOOKMARK [1][-]{section.5.2}{Distribuidores}{chapter.5}% 18
\BOOKMARK [2][-]{subsection.5.2.1}{RACK 0}{section.5.2}% 19
\BOOKMARK [2][-]{subsection.5.2.2}{RACK 1}{section.5.2}% 20
\BOOKMARK [1][-]{section.5.3}{Cableado vertical}{chapter.5}% 21
\BOOKMARK [1][-]{section.5.4}{Plano de conexi\363n}{chapter.5}% 22
