Release 14.2 - xst P.28xd (nt64)
Copyright (c) 1995-2012 Xilinx, Inc.  All rights reserved.
--> Parameter TMPDIR set to xst/projnav.tmp


Total REAL time to Xst completion: 0.00 secs
Total CPU time to Xst completion: 0.15 secs
 
--> Parameter xsthdpdir set to xst


Total REAL time to Xst completion: 0.00 secs
Total CPU time to Xst completion: 0.15 secs
 
--> Reading design: Banco_Registros.prj

TABLE OF CONTENTS
  1) Synthesis Options Summary
  2) HDL Compilation
  3) Design Hierarchy Analysis
  4) HDL Analysis
  5) HDL Synthesis
     5.1) HDL Synthesis Report
  6) Advanced HDL Synthesis
     6.1) Advanced HDL Synthesis Report
  7) Low Level Synthesis
  8) Partition Report
  9) Final Report
	9.1) Device utilization summary
	9.2) Partition Resource Summary
	9.3) TIMING REPORT


=========================================================================
*                      Synthesis Options Summary                        *
=========================================================================
---- Source Parameters
Input File Name                    : "Banco_Registros.prj"
Input Format                       : mixed
Ignore Synthesis Constraint File   : NO

---- Target Parameters
Output File Name                   : "Banco_Registros"
Output Format                      : NGC
Target Device                      : xc3s100e-5-cp132

---- Source Options
Top Module Name                    : Banco_Registros
Automatic FSM Extraction           : YES
FSM Encoding Algorithm             : Auto
Safe Implementation                : No
FSM Style                          : LUT
RAM Extraction                     : Yes
RAM Style                          : Auto
ROM Extraction                     : Yes
Mux Style                          : Auto
Decoder Extraction                 : YES
Priority Encoder Extraction        : Yes
Shift Register Extraction          : YES
Logical Shifter Extraction         : YES
XOR Collapsing                     : YES
ROM Style                          : Auto
Mux Extraction                     : Yes
Resource Sharing                   : YES
Asynchronous To Synchronous        : NO
Multiplier Style                   : Auto
Automatic Register Balancing       : No

---- Target Options
Add IO Buffers                     : YES
Global Maximum Fanout              : 100000
Add Generic Clock Buffer(BUFG)     : 24
Register Duplication               : YES
Slice Packing                      : YES
Optimize Instantiated Primitives   : NO
Use Clock Enable                   : Yes
Use Synchronous Set                : Yes
Use Synchronous Reset              : Yes
Pack IO Registers into IOBs        : Auto
Equivalent register Removal        : YES

---- General Options
Optimization Goal                  : Speed
Optimization Effort                : 1
Keep Hierarchy                     : No
Netlist Hierarchy                  : As_Optimized
RTL Output                         : Yes
Global Optimization                : AllClockNets
Read Cores                         : YES
Write Timing Constraints           : NO
Cross Clock Analysis               : NO
Hierarchy Separator                : /
Bus Delimiter                      : <>
Case Specifier                     : Maintain
Slice Utilization Ratio            : 100
BRAM Utilization Ratio             : 100
Verilog 2001                       : YES
Auto BRAM Packing                  : NO
Slice Utilization Ratio Delta      : 5

=========================================================================


=========================================================================
*                          HDL Compilation                              *
=========================================================================
Compiling vhdl file "C:/Users/Jesus/Xilinx/PFP2/Deco3to8.vhd" in Library work.
Architecture behavioral of Entity deco3to8 is up to date.
Compiling vhdl file "C:/Users/Jesus/Xilinx/PFP2/Reg_4bits.vhd" in Library work.
Architecture behavioral of Entity reg_4bits is up to date.
Compiling vhdl file "C:/Users/Jesus/Xilinx/PFP2/Mux8_4bits.vhd" in Library work.
Architecture behavioral of Entity mux8_4bits is up to date.
Compiling vhdl file "C:/Users/Jesus/Xilinx/PFP2/Banco_Registros.vhd" in Library work.
Architecture behavioral of Entity banco_registros is up to date.

=========================================================================
*                     Design Hierarchy Analysis                         *
=========================================================================
Analyzing hierarchy for entity <Banco_Registros> in library <work> (architecture <behavioral>).

Analyzing hierarchy for entity <Deco3to8> in library <work> (architecture <behavioral>).

Analyzing hierarchy for entity <Reg_4bits> in library <work> (architecture <behavioral>).

Analyzing hierarchy for entity <Mux8_4bits> in library <work> (architecture <behavioral>).


=========================================================================
*                            HDL Analysis                               *
=========================================================================
Analyzing Entity <Banco_Registros> in library <work> (Architecture <behavioral>).
Entity <Banco_Registros> analyzed. Unit <Banco_Registros> generated.

Analyzing Entity <Deco3to8> in library <work> (Architecture <behavioral>).
INFO:Xst:1561 - "C:/Users/Jesus/Xilinx/PFP2/Deco3to8.vhd" line 55: Mux is complete : default of case is discarded
Entity <Deco3to8> analyzed. Unit <Deco3to8> generated.

Analyzing Entity <Reg_4bits> in library <work> (Architecture <behavioral>).
Entity <Reg_4bits> analyzed. Unit <Reg_4bits> generated.

Analyzing Entity <Mux8_4bits> in library <work> (Architecture <behavioral>).
INFO:Xst:1561 - "C:/Users/Jesus/Xilinx/PFP2/Mux8_4bits.vhd" line 59: Mux is complete : default of case is discarded
Entity <Mux8_4bits> analyzed. Unit <Mux8_4bits> generated.


=========================================================================
*                           HDL Synthesis                               *
=========================================================================

Performing bidirectional port resolution...

Synthesizing Unit <Deco3to8>.
    Related source file is "C:/Users/Jesus/Xilinx/PFP2/Deco3to8.vhd".
Unit <Deco3to8> synthesized.


Synthesizing Unit <Reg_4bits>.
    Related source file is "C:/Users/Jesus/Xilinx/PFP2/Reg_4bits.vhd".
    Found 4-bit register for signal <DataOut>.
    Summary:
	inferred   4 D-type flip-flop(s).
Unit <Reg_4bits> synthesized.


Synthesizing Unit <Mux8_4bits>.
    Related source file is "C:/Users/Jesus/Xilinx/PFP2/Mux8_4bits.vhd".
    Found 4-bit 8-to-1 multiplexer for signal <Z>.
    Summary:
	inferred   4 Multiplexer(s).
Unit <Mux8_4bits> synthesized.


Synthesizing Unit <Banco_Registros>.
    Related source file is "C:/Users/Jesus/Xilinx/PFP2/Banco_Registros.vhd".
Unit <Banco_Registros> synthesized.


=========================================================================
HDL Synthesis Report

Macro Statistics
# Registers                                            : 8
 4-bit register                                        : 8
# Multiplexers                                         : 2
 4-bit 8-to-1 multiplexer                              : 2

=========================================================================

=========================================================================
*                       Advanced HDL Synthesis                          *
=========================================================================


=========================================================================
Advanced HDL Synthesis Report

Macro Statistics
# Registers                                            : 32
 Flip-Flops                                            : 32
# Multiplexers                                         : 2
 4-bit 8-to-1 multiplexer                              : 2

=========================================================================

=========================================================================
*                         Low Level Synthesis                           *
=========================================================================

Optimizing unit <Banco_Registros> ...

Mapping all equations...
Building and optimizing final netlist ...
Found area constraint ratio of 100 (+ 5) on block Banco_Registros, actual ratio is 3.

Final Macro Processing ...

=========================================================================
Final Register Report

Macro Statistics
# Registers                                            : 32
 Flip-Flops                                            : 32

=========================================================================

=========================================================================
*                           Partition Report                            *
=========================================================================

Partition Implementation Status
-------------------------------

  No Partitions were found in this design.

-------------------------------

=========================================================================
*                            Final Report                               *
=========================================================================
Final Results
RTL Top Level Output File Name     : Banco_Registros.ngr
Top Level Output File Name         : Banco_Registros
Output Format                      : NGC
Optimization Goal                  : Speed
Keep Hierarchy                     : No

Design Statistics
# IOs                              : 21

Cell Usage :
# BELS                             : 64
#      LUT3                        : 32
#      LUT4                        : 8
#      MUXF5                       : 16
#      MUXF6                       : 8
# FlipFlops/Latches                : 32
#      FDCE                        : 32
# Clock Buffers                    : 1
#      BUFGP                       : 1
# IO Buffers                       : 20
#      IBUF                        : 12
#      OBUF                        : 8
=========================================================================

Device utilization summary:
---------------------------

Selected Device : 3s100ecp132-5 

 Number of Slices:                       36  out of    960     3%  
 Number of Slice Flip Flops:             32  out of   1920     1%  
 Number of 4 input LUTs:                 40  out of   1920     2%  
 Number of IOs:                          21
 Number of bonded IOBs:                  21  out of     83    25%  
 Number of GCLKs:                         1  out of     24     4%  

---------------------------
Partition Resource Summary:
---------------------------

  No Partitions were found in this design.

---------------------------


=========================================================================
TIMING REPORT

NOTE: THESE TIMING NUMBERS ARE ONLY A SYNTHESIS ESTIMATE.
      FOR ACCURATE TIMING INFORMATION PLEASE REFER TO THE TRACE REPORT
      GENERATED AFTER PLACE-and-ROUTE.

Clock Information:
------------------
-----------------------------------+------------------------+-------+
Clock Signal                       | Clock buffer(FF name)  | Load  |
-----------------------------------+------------------------+-------+
CLK                                | BUFGP                  | 32    |
-----------------------------------+------------------------+-------+

Asynchronous Control Signals Information:
----------------------------------------
-----------------------------------+------------------------+-------+
Control Signal                     | Buffer(FF name)        | Load  |
-----------------------------------+------------------------+-------+
RESET                              | IBUF                   | 32    |
-----------------------------------+------------------------+-------+

Timing Summary:
---------------
Speed Grade: -5

   Minimum period: No path found
   Minimum input arrival time before clock: 3.916ns
   Maximum output required time after clock: 5.830ns
   Maximum combinational path delay: 7.189ns

Timing Detail:
--------------
All values displayed in nanoseconds (ns)

=========================================================================
Timing constraint: Default OFFSET IN BEFORE for Clock 'CLK'
  Total number of paths / destination ports: 160 / 64
-------------------------------------------------------------------------
Offset:              3.916ns (Levels of Logic = 2)
  Source:            DirB<0> (PAD)
  Destination:       R8/DataOut_3 (FF)
  Destination Clock: CLK rising

  Data Path: DirB<0> to R8/DataOut_3
                                Gate     Net
    Cell:in->out      fanout   Delay   Delay  Logical Name (Net Name)
    ----------------------------------------  ------------
     IBUF:I->O            24   1.106   1.216  DirB_0_IBUF (DirB_0_IBUF)
     LUT4:I0->O            4   0.612   0.499  Inst_Deco3to8/Output<7>1 (signalSalidaDeco<7>)
     FDCE:CE                   0.483          R8/DataOut_0
    ----------------------------------------
    Total                      3.916ns (2.201ns logic, 1.715ns route)
                                       (56.2% logic, 43.8% route)

=========================================================================
Timing constraint: Default OFFSET OUT AFTER for Clock 'CLK'
  Total number of paths / destination ports: 64 / 8
-------------------------------------------------------------------------
Offset:              5.830ns (Levels of Logic = 4)
  Source:            R1/DataOut_3 (FF)
  Destination:       SalDirA<3> (PAD)
  Source Clock:      CLK rising

  Data Path: R1/DataOut_3 to SalDirA<3>
                                Gate     Net
    Cell:in->out      fanout   Delay   Delay  Logical Name (Net Name)
    ----------------------------------------  ------------
     FDCE:C->Q             2   0.514   0.449  R1/DataOut_3 (R1/DataOut_3)
     LUT3:I1->O            1   0.612   0.000  MuxDirB/Mmux_Z_63 (MuxDirB/Mmux_Z_63)
     MUXF5:I0->O           1   0.278   0.000  MuxDirB/Mmux_Z_4_f5_2 (MuxDirB/Mmux_Z_4_f53)
     MUXF6:I0->O           1   0.451   0.357  MuxDirB/Mmux_Z_2_f6_2 (SalDirB_3_OBUF)
     OBUF:I->O                 3.169          SalDirB_3_OBUF (SalDirB<3>)
    ----------------------------------------
    Total                      5.830ns (5.024ns logic, 0.806ns route)
                                       (86.2% logic, 13.8% route)

=========================================================================
Timing constraint: Default path analysis
  Total number of paths / destination ports: 56 / 8
-------------------------------------------------------------------------
Delay:               7.189ns (Levels of Logic = 5)
  Source:            DirB<0> (PAD)
  Destination:       SalDirB<3> (PAD)

  Data Path: DirB<0> to SalDirB<3>
                                Gate     Net
    Cell:in->out      fanout   Delay   Delay  Logical Name (Net Name)
    ----------------------------------------  ------------
     IBUF:I->O            24   1.106   1.216  DirB_0_IBUF (DirB_0_IBUF)
     LUT3:I0->O            1   0.612   0.000  MuxDirB/Mmux_Z_4 (MuxDirB/Mmux_Z_4)
     MUXF5:I1->O           1   0.278   0.000  MuxDirB/Mmux_Z_3_f5 (MuxDirB/Mmux_Z_3_f5)
     MUXF6:I1->O           1   0.451   0.357  MuxDirB/Mmux_Z_2_f6 (SalDirB_0_OBUF)
     OBUF:I->O                 3.169          SalDirB_0_OBUF (SalDirB<0>)
    ----------------------------------------
    Total                      7.189ns (5.616ns logic, 1.573ns route)
                                       (78.1% logic, 21.9% route)

=========================================================================


Total REAL time to Xst completion: 6.00 secs
Total CPU time to Xst completion: 5.93 secs
 
--> 

Total memory usage is 339928 kilobytes

Number of errors   :    0 (   0 filtered)
Number of warnings :    0 (   0 filtered)
Number of infos    :    2 (   0 filtered)

