Release 14.2 - xst P.28xd (nt64)
Copyright (c) 1995-2012 Xilinx, Inc.  All rights reserved.
--> Parameter TMPDIR set to xst/projnav.tmp


Total REAL time to Xst completion: 0.00 secs
Total CPU time to Xst completion: 0.15 secs
 
--> Parameter xsthdpdir set to xst


Total REAL time to Xst completion: 0.00 secs
Total CPU time to Xst completion: 0.15 secs
 
--> Reading design: Debounce.prj

TABLE OF CONTENTS
  1) Synthesis Options Summary
  2) HDL Compilation
  3) Design Hierarchy Analysis
  4) HDL Analysis
  5) HDL Synthesis
     5.1) HDL Synthesis Report
  6) Advanced HDL Synthesis
     6.1) Advanced HDL Synthesis Report
  7) Low Level Synthesis
  8) Partition Report
  9) Final Report
	9.1) Device utilization summary
	9.2) Partition Resource Summary
	9.3) TIMING REPORT


=========================================================================
*                      Synthesis Options Summary                        *
=========================================================================
---- Source Parameters
Input File Name                    : "Debounce.prj"
Input Format                       : mixed
Ignore Synthesis Constraint File   : NO

---- Target Parameters
Output File Name                   : "Debounce"
Output Format                      : NGC
Target Device                      : xc3s100e-5-cp132

---- Source Options
Top Module Name                    : Debounce
Automatic FSM Extraction           : YES
FSM Encoding Algorithm             : Auto
Safe Implementation                : No
FSM Style                          : LUT
RAM Extraction                     : Yes
RAM Style                          : Auto
ROM Extraction                     : Yes
Mux Style                          : Auto
Decoder Extraction                 : YES
Priority Encoder Extraction        : Yes
Shift Register Extraction          : YES
Logical Shifter Extraction         : YES
XOR Collapsing                     : YES
ROM Style                          : Auto
Mux Extraction                     : Yes
Resource Sharing                   : YES
Asynchronous To Synchronous        : NO
Multiplier Style                   : Auto
Automatic Register Balancing       : No

---- Target Options
Add IO Buffers                     : YES
Global Maximum Fanout              : 500
Add Generic Clock Buffer(BUFG)     : 24
Register Duplication               : YES
Slice Packing                      : YES
Optimize Instantiated Primitives   : NO
Use Clock Enable                   : Yes
Use Synchronous Set                : Yes
Use Synchronous Reset              : Yes
Pack IO Registers into IOBs        : Auto
Equivalent register Removal        : YES

---- General Options
Optimization Goal                  : Speed
Optimization Effort                : 1
Keep Hierarchy                     : No
Netlist Hierarchy                  : As_Optimized
RTL Output                         : Yes
Global Optimization                : AllClockNets
Read Cores                         : YES
Write Timing Constraints           : NO
Cross Clock Analysis               : NO
Hierarchy Separator                : /
Bus Delimiter                      : <>
Case Specifier                     : Maintain
Slice Utilization Ratio            : 100
BRAM Utilization Ratio             : 100
Verilog 2001                       : YES
Auto BRAM Packing                  : NO
Slice Utilization Ratio Delta      : 5

=========================================================================


=========================================================================
*                          HDL Compilation                              *
=========================================================================
Compiling vhdl file "C:/Users/Jesus/Xilinx/Proyecto30/DebounceFSM.vhd" in Library work.
Architecture behavioral of Entity debouncefsm is up to date.
Compiling vhdl file "C:/Users/Jesus/Xilinx/Proyecto30/Timer300ms.vhd" in Library work.
Architecture behavioral of Entity timer300ms is up to date.
Compiling vhdl file "C:/Users/Jesus/Xilinx/Proyecto30/Debounce.vhd" in Library work.
Entity <debounce> compiled.
Entity <Debounce> (Architecture <Behavioral>) compiled.

=========================================================================
*                     Design Hierarchy Analysis                         *
=========================================================================
Analyzing hierarchy for entity <Debounce> in library <work> (architecture <Behavioral>).

Analyzing hierarchy for entity <DebounceFSM> in library <work> (architecture <behavioral>).

Analyzing hierarchy for entity <Timer300ms> in library <work> (architecture <behavioral>).


=========================================================================
*                            HDL Analysis                               *
=========================================================================
Analyzing Entity <Debounce> in library <work> (Architecture <Behavioral>).
Entity <Debounce> analyzed. Unit <Debounce> generated.

Analyzing Entity <DebounceFSM> in library <work> (Architecture <behavioral>).
Entity <DebounceFSM> analyzed. Unit <DebounceFSM> generated.

Analyzing Entity <Timer300ms> in library <work> (Architecture <behavioral>).
Entity <Timer300ms> analyzed. Unit <Timer300ms> generated.


=========================================================================
*                           HDL Synthesis                               *
=========================================================================

Performing bidirectional port resolution...

Synthesizing Unit <DebounceFSM>.
    Related source file is "C:/Users/Jesus/Xilinx/Proyecto30/DebounceFSM.vhd".
    Found finite state machine <FSM_0> for signal <Next_State>.
    -----------------------------------------------------------------------
    | States             | 4                                              |
    | Transitions        | 7                                              |
    | Inputs             | 2                                              |
    | Outputs            | 1                                              |
    | Clock              | CLK                       (rising_edge)        |
    | Reset              | RESET                     (positive)           |
    | Reset type         | asynchronous                                   |
    | Reset State        | inic                                           |
    | Power Up State     | inic                                           |
    | Encoding           | automatic                                      |
    | Implementation     | LUT                                            |
    -----------------------------------------------------------------------
    Summary:
	inferred   1 Finite State Machine(s).
Unit <DebounceFSM> synthesized.


Synthesizing Unit <Timer300ms>.
    Related source file is "C:/Users/Jesus/Xilinx/Proyecto30/Timer300ms.vhd".
    Found 1-bit register for signal <End300ms>.
    Found 24-bit up counter for signal <Count>.
    Summary:
	inferred   1 Counter(s).
	inferred   1 D-type flip-flop(s).
Unit <Timer300ms> synthesized.


Synthesizing Unit <Debounce>.
    Related source file is "C:/Users/Jesus/Xilinx/Proyecto30/Debounce.vhd".
Unit <Debounce> synthesized.


=========================================================================
HDL Synthesis Report

Macro Statistics
# Counters                                             : 1
 24-bit up counter                                     : 1
# Registers                                            : 1
 1-bit register                                        : 1

=========================================================================

=========================================================================
*                       Advanced HDL Synthesis                          *
=========================================================================

Analyzing FSM <FSM_0> for best encoding.
Optimizing FSM <Inst_DebounceFSM/Next_State/FSM> on signal <Next_State[1:2]> with gray encoding.
--------------------
 State  | Encoding
--------------------
 inic   | 00
 s0     | 01
 s01    | 11
 espera | 10
--------------------

=========================================================================
Advanced HDL Synthesis Report

Macro Statistics
# FSMs                                                 : 1
# Counters                                             : 1
 24-bit up counter                                     : 1
# Registers                                            : 1
 Flip-Flops                                            : 1

=========================================================================

=========================================================================
*                         Low Level Synthesis                           *
=========================================================================

Optimizing unit <Debounce> ...

Mapping all equations...
Building and optimizing final netlist ...
Found area constraint ratio of 100 (+ 5) on block Debounce, actual ratio is 3.

Final Macro Processing ...

=========================================================================
Final Register Report

Macro Statistics
# Registers                                            : 27
 Flip-Flops                                            : 27

=========================================================================

=========================================================================
*                           Partition Report                            *
=========================================================================

Partition Implementation Status
-------------------------------

  No Partitions were found in this design.

-------------------------------

=========================================================================
*                            Final Report                               *
=========================================================================
Final Results
RTL Top Level Output File Name     : Debounce.ngr
Top Level Output File Name         : Debounce
Output Format                      : NGC
Optimization Goal                  : Speed
Keep Hierarchy                     : No

Design Statistics
# IOs                              : 4

Cell Usage :
# BELS                             : 112
#      GND                         : 1
#      INV                         : 1
#      LUT1                        : 23
#      LUT2                        : 25
#      LUT3                        : 1
#      LUT4                        : 7
#      MUXCY                       : 29
#      VCC                         : 1
#      XORCY                       : 24
# FlipFlops/Latches                : 27
#      FDC                         : 2
#      FDCE                        : 25
# Clock Buffers                    : 1
#      BUFGP                       : 1
# IO Buffers                       : 3
#      IBUF                        : 2
#      OBUF                        : 1
=========================================================================

Device utilization summary:
---------------------------

Selected Device : 3s100ecp132-5 

 Number of Slices:                       32  out of    960     3%  
 Number of Slice Flip Flops:             27  out of   1920     1%  
 Number of 4 input LUTs:                 57  out of   1920     2%  
 Number of IOs:                           4
 Number of bonded IOBs:                   4  out of     83     4%  
 Number of GCLKs:                         1  out of     24     4%  

---------------------------
Partition Resource Summary:
---------------------------

  No Partitions were found in this design.

---------------------------


=========================================================================
TIMING REPORT

NOTE: THESE TIMING NUMBERS ARE ONLY A SYNTHESIS ESTIMATE.
      FOR ACCURATE TIMING INFORMATION PLEASE REFER TO THE TRACE REPORT
      GENERATED AFTER PLACE-and-ROUTE.

Clock Information:
------------------
-----------------------------------+------------------------+-------+
Clock Signal                       | Clock buffer(FF name)  | Load  |
-----------------------------------+------------------------+-------+
CLK                                | BUFGP                  | 27    |
-----------------------------------+------------------------+-------+

Asynchronous Control Signals Information:
----------------------------------------
-----------------------------------+------------------------+-------+
Control Signal                     | Buffer(FF name)        | Load  |
-----------------------------------+------------------------+-------+
RESET                              | IBUF                   | 27    |
-----------------------------------+------------------------+-------+

Timing Summary:
---------------
Speed Grade: -5

   Minimum period: 5.148ns (Maximum Frequency: 194.233MHz)
   Minimum input arrival time before clock: 2.435ns
   Maximum output required time after clock: 5.970ns
   Maximum combinational path delay: No path found

Timing Detail:
--------------
All values displayed in nanoseconds (ns)

=========================================================================
Timing constraint: Default period analysis for Clock 'CLK'
  Clock period: 5.148ns (frequency: 194.233MHz)
  Total number of paths / destination ports: 955 / 52
-------------------------------------------------------------------------
Delay:               5.148ns (Levels of Logic = 25)
  Source:            Inst_Timer300ms/Count_1 (FF)
  Destination:       Inst_Timer300ms/Count_23 (FF)
  Source Clock:      CLK rising
  Destination Clock: CLK rising

  Data Path: Inst_Timer300ms/Count_1 to Inst_Timer300ms/Count_23
                                Gate     Net
    Cell:in->out      fanout   Delay   Delay  Logical Name (Net Name)
    ----------------------------------------  ------------
     FDCE:C->Q             2   0.514   0.532  Inst_Timer300ms/Count_1 (Inst_Timer300ms/Count_1)
     LUT1:I0->O            1   0.612   0.000  Inst_Timer300ms/Mcount_Count_cy<1>_rt (Inst_Timer300ms/Mcount_Count_cy<1>_rt)
     MUXCY:S->O            1   0.404   0.000  Inst_Timer300ms/Mcount_Count_cy<1> (Inst_Timer300ms/Mcount_Count_cy<1>)
     MUXCY:CI->O           1   0.052   0.000  Inst_Timer300ms/Mcount_Count_cy<2> (Inst_Timer300ms/Mcount_Count_cy<2>)
     MUXCY:CI->O           1   0.052   0.000  Inst_Timer300ms/Mcount_Count_cy<3> (Inst_Timer300ms/Mcount_Count_cy<3>)
     MUXCY:CI->O           1   0.052   0.000  Inst_Timer300ms/Mcount_Count_cy<4> (Inst_Timer300ms/Mcount_Count_cy<4>)
     MUXCY:CI->O           1   0.052   0.000  Inst_Timer300ms/Mcount_Count_cy<5> (Inst_Timer300ms/Mcount_Count_cy<5>)
     MUXCY:CI->O           1   0.052   0.000  Inst_Timer300ms/Mcount_Count_cy<6> (Inst_Timer300ms/Mcount_Count_cy<6>)
     MUXCY:CI->O           1   0.052   0.000  Inst_Timer300ms/Mcount_Count_cy<7> (Inst_Timer300ms/Mcount_Count_cy<7>)
     MUXCY:CI->O           1   0.052   0.000  Inst_Timer300ms/Mcount_Count_cy<8> (Inst_Timer300ms/Mcount_Count_cy<8>)
     MUXCY:CI->O           1   0.052   0.000  Inst_Timer300ms/Mcount_Count_cy<9> (Inst_Timer300ms/Mcount_Count_cy<9>)
     MUXCY:CI->O           1   0.052   0.000  Inst_Timer300ms/Mcount_Count_cy<10> (Inst_Timer300ms/Mcount_Count_cy<10>)
     MUXCY:CI->O           1   0.052   0.000  Inst_Timer300ms/Mcount_Count_cy<11> (Inst_Timer300ms/Mcount_Count_cy<11>)
     MUXCY:CI->O           1   0.052   0.000  Inst_Timer300ms/Mcount_Count_cy<12> (Inst_Timer300ms/Mcount_Count_cy<12>)
     MUXCY:CI->O           1   0.052   0.000  Inst_Timer300ms/Mcount_Count_cy<13> (Inst_Timer300ms/Mcount_Count_cy<13>)
     MUXCY:CI->O           1   0.052   0.000  Inst_Timer300ms/Mcount_Count_cy<14> (Inst_Timer300ms/Mcount_Count_cy<14>)
     MUXCY:CI->O           1   0.052   0.000  Inst_Timer300ms/Mcount_Count_cy<15> (Inst_Timer300ms/Mcount_Count_cy<15>)
     MUXCY:CI->O           1   0.052   0.000  Inst_Timer300ms/Mcount_Count_cy<16> (Inst_Timer300ms/Mcount_Count_cy<16>)
     MUXCY:CI->O           1   0.052   0.000  Inst_Timer300ms/Mcount_Count_cy<17> (Inst_Timer300ms/Mcount_Count_cy<17>)
     MUXCY:CI->O           1   0.052   0.000  Inst_Timer300ms/Mcount_Count_cy<18> (Inst_Timer300ms/Mcount_Count_cy<18>)
     MUXCY:CI->O           1   0.052   0.000  Inst_Timer300ms/Mcount_Count_cy<19> (Inst_Timer300ms/Mcount_Count_cy<19>)
     MUXCY:CI->O           1   0.052   0.000  Inst_Timer300ms/Mcount_Count_cy<20> (Inst_Timer300ms/Mcount_Count_cy<20>)
     MUXCY:CI->O           1   0.052   0.000  Inst_Timer300ms/Mcount_Count_cy<21> (Inst_Timer300ms/Mcount_Count_cy<21>)
     MUXCY:CI->O           0   0.052   0.000  Inst_Timer300ms/Mcount_Count_cy<22> (Inst_Timer300ms/Mcount_Count_cy<22>)
     XORCY:CI->O           1   0.699   0.426  Inst_Timer300ms/Mcount_Count_xor<23> (Result<23>)
     LUT2:I1->O            1   0.612   0.000  Inst_Timer300ms/Mcount_Count_eqn_231 (Inst_Timer300ms/Mcount_Count_eqn_23)
     FDCE:D                    0.268          Inst_Timer300ms/Count_23
    ----------------------------------------
    Total                      5.148ns (4.191ns logic, 0.958ns route)
                                       (81.4% logic, 18.6% route)

=========================================================================
Timing constraint: Default OFFSET IN BEFORE for Clock 'CLK'
  Total number of paths / destination ports: 2 / 2
-------------------------------------------------------------------------
Offset:              2.435ns (Levels of Logic = 2)
  Source:            Push (PAD)
  Destination:       Inst_DebounceFSM/Next_State_FSM_FFd2 (FF)
  Destination Clock: CLK rising

  Data Path: Push to Inst_DebounceFSM/Next_State_FSM_FFd2
                                Gate     Net
    Cell:in->out      fanout   Delay   Delay  Logical Name (Net Name)
    ----------------------------------------  ------------
     IBUF:I->O             2   1.106   0.449  Push_IBUF (Push_IBUF)
     LUT3:I1->O            1   0.612   0.000  Inst_DebounceFSM/Next_State_FSM_FFd2-In1 (Inst_DebounceFSM/Next_State_FSM_FFd2-In)
     FDC:D                     0.268          Inst_DebounceFSM/Next_State_FSM_FFd2
    ----------------------------------------
    Total                      2.435ns (1.986ns logic, 0.449ns route)
                                       (81.6% logic, 18.4% route)

=========================================================================
Timing constraint: Default OFFSET OUT AFTER for Clock 'CLK'
  Total number of paths / destination ports: 2 / 1
-------------------------------------------------------------------------
Offset:              5.970ns (Levels of Logic = 2)
  Source:            Inst_DebounceFSM/Next_State_FSM_FFd2 (FF)
  Destination:       FilteredPush (PAD)
  Source Clock:      CLK rising

  Data Path: Inst_DebounceFSM/Next_State_FSM_FFd2 to FilteredPush
                                Gate     Net
    Cell:in->out      fanout   Delay   Delay  Logical Name (Net Name)
    ----------------------------------------  ------------
     FDC:C->Q              3   0.514   0.603  Inst_DebounceFSM/Next_State_FSM_FFd2 (Inst_DebounceFSM/Next_State_FSM_FFd2)
     LUT2:I0->O           26   0.612   1.071  Inst_DebounceFSM/Next_State_FSM_Out01 (FilteredPush_OBUF)
     OBUF:I->O                 3.169          FilteredPush_OBUF (FilteredPush)
    ----------------------------------------
    Total                      5.970ns (4.295ns logic, 1.675ns route)
                                       (71.9% logic, 28.1% route)

=========================================================================


Total REAL time to Xst completion: 5.00 secs
Total CPU time to Xst completion: 5.38 secs
 
--> 

Total memory usage is 289476 kilobytes

Number of errors   :    0 (   0 filtered)
Number of warnings :    0 (   0 filtered)
Number of infos    :    0 (   0 filtered)

