Running: fuse.exe -relaunch -intstyle "ise" -incremental -o "C:/Users/Jesus/Xilinx/Proyecto30/Debounce_tb_isim_beh.exe" -prj "C:/Users/Jesus/Xilinx/Proyecto30/Debounce_tb_beh.prj" "work.Debounce_tb" 
ISim P.28xd (signature 0xa0883be4)
Number of CPUs detected in this system: 4
Turning on mult-threading, number of parallel sub-compilation jobs: 8 
Determining compilation order of HDL files
Parsing VHDL file "C:/Users/Jesus/Xilinx/Proyecto30/Timer300ms.vhd" into library work
Parsing VHDL file "C:/Users/Jesus/Xilinx/Proyecto30/DebounceFSM.vhd" into library work
Parsing VHDL file "C:/Users/Jesus/Xilinx/Proyecto30/Debounce.vhd" into library work
Parsing VHDL file "C:/Users/Jesus/Xilinx/Proyecto30/Debounce_tb.vhd" into library work
Starting static elaboration
Completed static elaboration
Compiling package standard
Compiling package std_logic_1164
Compiling architecture behavioral of entity DebounceFSM [debouncefsm_default]
Compiling architecture behavioral of entity Timer300ms [timer300ms_default]
Compiling architecture behavioral of entity Debounce [debounce_default]
Compiling architecture behavior of entity debounce_tb
Time Resolution for simulation is 1ps.
Waiting for 1 sub-compilation(s) to finish...
Compiled 9 VHDL Units
Built simulation executable C:/Users/Jesus/Xilinx/Proyecto30/Debounce_tb_isim_beh.exe
Fuse Memory Usage: 29976 KB
Fuse CPU Usage: 593 ms
