Release 14.2 - xst P.28xd (nt64)
Copyright (c) 1995-2012 Xilinx, Inc.  All rights reserved.
--> Parameter TMPDIR set to xst/projnav.tmp


Total REAL time to Xst completion: 0.00 secs
Total CPU time to Xst completion: 0.15 secs
 
--> Parameter xsthdpdir set to xst


Total REAL time to Xst completion: 0.00 secs
Total CPU time to Xst completion: 0.15 secs
 
--> Reading design: ControlUnit_DidaComp.prj

TABLE OF CONTENTS
  1) Synthesis Options Summary
  2) HDL Compilation
  3) Design Hierarchy Analysis
  4) HDL Analysis
  5) HDL Synthesis
     5.1) HDL Synthesis Report
  6) Advanced HDL Synthesis
     6.1) Advanced HDL Synthesis Report
  7) Low Level Synthesis
  8) Partition Report
  9) Final Report
	9.1) Device utilization summary
	9.2) Partition Resource Summary
	9.3) TIMING REPORT


=========================================================================
*                      Synthesis Options Summary                        *
=========================================================================
---- Source Parameters
Input File Name                    : "ControlUnit_DidaComp.prj"
Input Format                       : mixed
Ignore Synthesis Constraint File   : NO

---- Target Parameters
Output File Name                   : "ControlUnit_DidaComp"
Output Format                      : NGC
Target Device                      : xc3s100e-5-cp132

---- Source Options
Top Module Name                    : ControlUnit_DidaComp
Automatic FSM Extraction           : YES
FSM Encoding Algorithm             : Auto
Safe Implementation                : No
FSM Style                          : LUT
RAM Extraction                     : Yes
RAM Style                          : Auto
ROM Extraction                     : Yes
Mux Style                          : Auto
Decoder Extraction                 : YES
Priority Encoder Extraction        : Yes
Shift Register Extraction          : YES
Logical Shifter Extraction         : YES
XOR Collapsing                     : YES
ROM Style                          : Auto
Mux Extraction                     : Yes
Resource Sharing                   : YES
Asynchronous To Synchronous        : NO
Multiplier Style                   : Auto
Automatic Register Balancing       : No

---- Target Options
Add IO Buffers                     : YES
Global Maximum Fanout              : 100000
Add Generic Clock Buffer(BUFG)     : 24
Register Duplication               : YES
Slice Packing                      : YES
Optimize Instantiated Primitives   : NO
Use Clock Enable                   : Yes
Use Synchronous Set                : Yes
Use Synchronous Reset              : Yes
Pack IO Registers into IOBs        : Auto
Equivalent register Removal        : YES

---- General Options
Optimization Goal                  : Speed
Optimization Effort                : 1
Keep Hierarchy                     : No
Netlist Hierarchy                  : As_Optimized
RTL Output                         : Yes
Global Optimization                : AllClockNets
Read Cores                         : YES
Write Timing Constraints           : NO
Cross Clock Analysis               : NO
Hierarchy Separator                : /
Bus Delimiter                      : <>
Case Specifier                     : Maintain
Slice Utilization Ratio            : 100
BRAM Utilization Ratio             : 100
Verilog 2001                       : YES
Auto BRAM Packing                  : NO
Slice Utilization Ratio Delta      : 5

=========================================================================


=========================================================================
*                          HDL Compilation                              *
=========================================================================
Compiling vhdl file "C:/Users/Jesus/Xilinx/Proyecto32/ControlUnit_DidaComp.vhd" in Library work.
Entity <controlunit_didacomp> compiled.
Entity <controlunit_didacomp> (Architecture <behavioral>) compiled.

=========================================================================
*                     Design Hierarchy Analysis                         *
=========================================================================
Analyzing hierarchy for entity <ControlUnit_DidaComp> in library <work> (architecture <behavioral>).


=========================================================================
*                            HDL Analysis                               *
=========================================================================
Analyzing Entity <ControlUnit_DidaComp> in library <work> (Architecture <behavioral>).
Entity <ControlUnit_DidaComp> analyzed. Unit <ControlUnit_DidaComp> generated.


=========================================================================
*                           HDL Synthesis                               *
=========================================================================

Performing bidirectional port resolution...

Synthesizing Unit <ControlUnit_DidaComp>.
    Related source file is "C:/Users/Jesus/Xilinx/Proyecto32/ControlUnit_DidaComp.vhd".
    Found finite state machine <FSM_0> for signal <Next_State>.
    -----------------------------------------------------------------------
    | States             | 9                                              |
    | Transitions        | 28                                             |
    | Inputs             | 6                                              |
    | Outputs            | 7                                              |
    | Clock              | CLK                       (rising_edge)        |
    | Reset              | RESET                     (positive)           |
    | Reset type         | asynchronous                                   |
    | Reset State        | idle                                           |
    | Power Up State     | idle                                           |
    | Encoding           | automatic                                      |
    | Implementation     | LUT                                            |
    -----------------------------------------------------------------------
    Summary:
	inferred   1 Finite State Machine(s).
Unit <ControlUnit_DidaComp> synthesized.


=========================================================================
HDL Synthesis Report

Found no macro
=========================================================================

=========================================================================
*                       Advanced HDL Synthesis                          *
=========================================================================

Analyzing FSM <FSM_0> for best encoding.
Optimizing FSM <Next_State/FSM> on signal <Next_State[1:4]> with sequential encoding.
----------------------
 State    | Encoding
----------------------
 idle     | 0000
 loadinst | 0001
 deco     | 0010
 loada    | 0011
 loadb    | 0101
 beq      | 0100
 aaddb    | 0111
 asubb    | 1000
 mova     | 0110
----------------------

=========================================================================
Advanced HDL Synthesis Report

Macro Statistics
# FSMs                                                 : 1

=========================================================================

=========================================================================
*                         Low Level Synthesis                           *
=========================================================================

Optimizing unit <ControlUnit_DidaComp> ...

Mapping all equations...
Building and optimizing final netlist ...
Found area constraint ratio of 100 (+ 5) on block ControlUnit_DidaComp, actual ratio is 1.

Final Macro Processing ...

=========================================================================
Final Register Report

Macro Statistics
# Registers                                            : 4
 Flip-Flops                                            : 4

=========================================================================

=========================================================================
*                           Partition Report                            *
=========================================================================

Partition Implementation Status
-------------------------------

  No Partitions were found in this design.

-------------------------------

=========================================================================
*                            Final Report                               *
=========================================================================
Final Results
RTL Top Level Output File Name     : ControlUnit_DidaComp.ngr
Top Level Output File Name         : ControlUnit_DidaComp
Output Format                      : NGC
Optimization Goal                  : Speed
Keep Hierarchy                     : No

Design Statistics
# IOs                              : 16

Cell Usage :
# BELS                             : 21
#      GND                         : 1
#      LUT2                        : 3
#      LUT3                        : 6
#      LUT3_L                      : 1
#      LUT4                        : 8
#      LUT4_L                      : 1
#      MUXF5                       : 1
# FlipFlops/Latches                : 4
#      FDC                         : 3
#      FDCE                        : 1
# Clock Buffers                    : 1
#      BUFGP                       : 1
# IO Buffers                       : 15
#      IBUF                        : 5
#      OBUF                        : 10
=========================================================================

Device utilization summary:
---------------------------

Selected Device : 3s100ecp132-5 

 Number of Slices:                       10  out of    960     1%  
 Number of Slice Flip Flops:              4  out of   1920     0%  
 Number of 4 input LUTs:                 19  out of   1920     0%  
 Number of IOs:                          16
 Number of bonded IOBs:                  16  out of     83    19%  
 Number of GCLKs:                         1  out of     24     4%  

---------------------------
Partition Resource Summary:
---------------------------

  No Partitions were found in this design.

---------------------------


=========================================================================
TIMING REPORT

NOTE: THESE TIMING NUMBERS ARE ONLY A SYNTHESIS ESTIMATE.
      FOR ACCURATE TIMING INFORMATION PLEASE REFER TO THE TRACE REPORT
      GENERATED AFTER PLACE-and-ROUTE.

Clock Information:
------------------
-----------------------------------+------------------------+-------+
Clock Signal                       | Clock buffer(FF name)  | Load  |
-----------------------------------+------------------------+-------+
CLK                                | BUFGP                  | 4     |
-----------------------------------+------------------------+-------+

Asynchronous Control Signals Information:
----------------------------------------
-----------------------------------+------------------------+-------+
Control Signal                     | Buffer(FF name)        | Load  |
-----------------------------------+------------------------+-------+
RESET                              | IBUF                   | 4     |
-----------------------------------+------------------------+-------+

Timing Summary:
---------------
Speed Grade: -5

   Minimum period: 3.888ns (Maximum Frequency: 257.221MHz)
   Minimum input arrival time before clock: 4.940ns
   Maximum output required time after clock: 5.648ns
   Maximum combinational path delay: No path found

Timing Detail:
--------------
All values displayed in nanoseconds (ns)

=========================================================================
Timing constraint: Default period analysis for Clock 'CLK'
  Clock period: 3.888ns (frequency: 257.221MHz)
  Total number of paths / destination ports: 21 / 4
-------------------------------------------------------------------------
Delay:               3.888ns (Levels of Logic = 3)
  Source:            Next_State_FSM_FFd2 (FF)
  Destination:       Next_State_FSM_FFd4 (FF)
  Source Clock:      CLK rising
  Destination Clock: CLK rising

  Data Path: Next_State_FSM_FFd2 to Next_State_FSM_FFd4
                                Gate     Net
    Cell:in->out      fanout   Delay   Delay  Logical Name (Net Name)
    ----------------------------------------  ------------
     FDC:C->Q             10   0.514   0.780  Next_State_FSM_FFd2 (Next_State_FSM_FFd2)
     LUT4:I2->O            1   0.612   0.387  Next_State_FSM_FFd4-In76_SW0 (N19)
     LUT3_L:I2->LO         1   0.612   0.103  Next_State_FSM_FFd4-In76 (Next_State_FSM_FFd4-In76)
     LUT4:I3->O            1   0.612   0.000  Next_State_FSM_FFd4-In83 (Next_State_FSM_FFd4-In)
     FDC:D                     0.268          Next_State_FSM_FFd4
    ----------------------------------------
    Total                      3.888ns (2.618ns logic, 1.270ns route)
                                       (67.3% logic, 32.7% route)

=========================================================================
Timing constraint: Default OFFSET IN BEFORE for Clock 'CLK'
  Total number of paths / destination ports: 23 / 5
-------------------------------------------------------------------------
Offset:              4.940ns (Levels of Logic = 4)
  Source:            COP<0> (PAD)
  Destination:       Next_State_FSM_FFd4 (FF)
  Destination Clock: CLK rising

  Data Path: COP<0> to Next_State_FSM_FFd4
                                Gate     Net
    Cell:in->out      fanout   Delay   Delay  Logical Name (Net Name)
    ----------------------------------------  ------------
     IBUF:I->O             8   1.106   0.795  COP_0_IBUF (COP_0_IBUF)
     LUT2:I0->O            1   0.612   0.509  Next_State_FSM_FFd4-In16 (Next_State_FSM_FFd4-In16)
     LUT4:I0->O            1   0.612   0.426  Next_State_FSM_FFd4-In26 (Next_State_FSM_FFd4-In26)
     LUT4:I1->O            1   0.612   0.000  Next_State_FSM_FFd4-In83 (Next_State_FSM_FFd4-In)
     FDC:D                     0.268          Next_State_FSM_FFd4
    ----------------------------------------
    Total                      4.940ns (3.210ns logic, 1.730ns route)
                                       (65.0% logic, 35.0% route)

=========================================================================
Timing constraint: Default OFFSET OUT AFTER for Clock 'CLK'
  Total number of paths / destination ports: 23 / 8
-------------------------------------------------------------------------
Offset:              5.648ns (Levels of Logic = 2)
  Source:            Next_State_FSM_FFd2 (FF)
  Destination:       ControlWord<9> (PAD)
  Source Clock:      CLK rising

  Data Path: Next_State_FSM_FFd2 to ControlWord<9>
                                Gate     Net
    Cell:in->out      fanout   Delay   Delay  Logical Name (Net Name)
    ----------------------------------------  ------------
     FDC:C->Q             10   0.514   0.902  Next_State_FSM_FFd2 (Next_State_FSM_FFd2)
     LUT3:I0->O            3   0.612   0.451  Next_State_FSM_Out31 (ControlWord_2_OBUF)
     OBUF:I->O                 3.169          ControlWord_9_OBUF (ControlWord<9>)
    ----------------------------------------
    Total                      5.648ns (4.295ns logic, 1.353ns route)
                                       (76.0% logic, 24.0% route)

=========================================================================


Total REAL time to Xst completion: 5.00 secs
Total CPU time to Xst completion: 5.44 secs
 
--> 

Total memory usage is 339900 kilobytes

Number of errors   :    0 (   0 filtered)
Number of warnings :    0 (   0 filtered)
Number of infos    :    0 (   0 filtered)

