Release 14.2 - xst P.28xd (nt64)
Copyright (c) 1995-2012 Xilinx, Inc.  All rights reserved.
--> Parameter TMPDIR set to xst/projnav.tmp


Total REAL time to Xst completion: 0.00 secs
Total CPU time to Xst completion: 0.20 secs
 
--> Parameter xsthdpdir set to xst


Total REAL time to Xst completion: 0.00 secs
Total CPU time to Xst completion: 0.20 secs
 
--> Reading design: ControlUnit.prj

TABLE OF CONTENTS
  1) Synthesis Options Summary
  2) HDL Compilation
  3) Design Hierarchy Analysis
  4) HDL Analysis
  5) HDL Synthesis
     5.1) HDL Synthesis Report
  6) Advanced HDL Synthesis
     6.1) Advanced HDL Synthesis Report
  7) Low Level Synthesis
  8) Partition Report
  9) Final Report
	9.1) Device utilization summary
	9.2) Partition Resource Summary
	9.3) TIMING REPORT


=========================================================================
*                      Synthesis Options Summary                        *
=========================================================================
---- Source Parameters
Input File Name                    : "ControlUnit.prj"
Input Format                       : mixed
Ignore Synthesis Constraint File   : NO

---- Target Parameters
Output File Name                   : "ControlUnit"
Output Format                      : NGC
Target Device                      : xc3s100e-5-cp132

---- Source Options
Top Module Name                    : ControlUnit
Automatic FSM Extraction           : YES
FSM Encoding Algorithm             : Auto
Safe Implementation                : No
FSM Style                          : LUT
RAM Extraction                     : Yes
RAM Style                          : Auto
ROM Extraction                     : Yes
Mux Style                          : Auto
Decoder Extraction                 : YES
Priority Encoder Extraction        : Yes
Shift Register Extraction          : YES
Logical Shifter Extraction         : YES
XOR Collapsing                     : YES
ROM Style                          : Auto
Mux Extraction                     : Yes
Resource Sharing                   : YES
Asynchronous To Synchronous        : NO
Multiplier Style                   : Auto
Automatic Register Balancing       : No

---- Target Options
Add IO Buffers                     : YES
Global Maximum Fanout              : 500
Add Generic Clock Buffer(BUFG)     : 24
Register Duplication               : YES
Slice Packing                      : YES
Optimize Instantiated Primitives   : NO
Use Clock Enable                   : Yes
Use Synchronous Set                : Yes
Use Synchronous Reset              : Yes
Pack IO Registers into IOBs        : Auto
Equivalent register Removal        : YES

---- General Options
Optimization Goal                  : Speed
Optimization Effort                : 1
Keep Hierarchy                     : No
Netlist Hierarchy                  : As_Optimized
RTL Output                         : Yes
Global Optimization                : AllClockNets
Read Cores                         : YES
Write Timing Constraints           : NO
Cross Clock Analysis               : NO
Hierarchy Separator                : /
Bus Delimiter                      : <>
Case Specifier                     : Maintain
Slice Utilization Ratio            : 100
BRAM Utilization Ratio             : 100
Verilog 2001                       : YES
Auto BRAM Packing                  : NO
Slice Utilization Ratio Delta      : 5

=========================================================================


=========================================================================
*                          HDL Compilation                              *
=========================================================================
Compiling vhdl file "C:/Users/Jesus/Xilinx/PFP5/ControlUnit.vhd" in Library work.
Entity <controlunit> compiled.
Entity <controlunit> (Architecture <behavioral>) compiled.

=========================================================================
*                     Design Hierarchy Analysis                         *
=========================================================================
Analyzing hierarchy for entity <ControlUnit> in library <work> (architecture <behavioral>).


=========================================================================
*                            HDL Analysis                               *
=========================================================================
Analyzing Entity <ControlUnit> in library <work> (Architecture <behavioral>).
Entity <ControlUnit> analyzed. Unit <ControlUnit> generated.


=========================================================================
*                           HDL Synthesis                               *
=========================================================================

Performing bidirectional port resolution...

Synthesizing Unit <ControlUnit>.
    Related source file is "C:/Users/Jesus/Xilinx/PFP5/ControlUnit.vhd".
    Found finite state machine <FSM_0> for signal <Next_State>.
    -----------------------------------------------------------------------
    | States             | 13                                             |
    | Transitions        | 38                                             |
    | Inputs             | 9                                              |
    | Outputs            | 12                                             |
    | Clock              | CLK                       (rising_edge)        |
    | Reset              | RESET                     (positive)           |
    | Reset type         | asynchronous                                   |
    | Reset State        | idle                                           |
    | Power Up State     | idle                                           |
    | Encoding           | automatic                                      |
    | Implementation     | LUT                                            |
    -----------------------------------------------------------------------
    Summary:
	inferred   1 Finite State Machine(s).
Unit <ControlUnit> synthesized.


=========================================================================
HDL Synthesis Report

Found no macro
=========================================================================

=========================================================================
*                       Advanced HDL Synthesis                          *
=========================================================================

Analyzing FSM <FSM_0> for best encoding.
Optimizing FSM <Next_State/FSM> on signal <Next_State[1:4]> with gray encoding.
----------------------
 State    | Encoding
----------------------
 idle     | 0000
 loadinst | 0001
 deco     | 0011
 loada    | 0110
 loadreg  | 0010
 stram    | 1100
 loadrarb | 0101
 aaddb    | 1111
 asubb    | 1101
 loadregi | 0111
 aincb    | 1010
 adecb    | 1110
 beq      | 0100
----------------------

=========================================================================
Advanced HDL Synthesis Report

Macro Statistics
# FSMs                                                 : 1

=========================================================================

=========================================================================
*                         Low Level Synthesis                           *
=========================================================================

Optimizing unit <ControlUnit> ...

Mapping all equations...
Building and optimizing final netlist ...
Found area constraint ratio of 100 (+ 5) on block ControlUnit, actual ratio is 2.

Final Macro Processing ...

=========================================================================
Final Register Report

Macro Statistics
# Registers                                            : 4
 Flip-Flops                                            : 4

=========================================================================

=========================================================================
*                           Partition Report                            *
=========================================================================

Partition Implementation Status
-------------------------------

  No Partitions were found in this design.

-------------------------------

=========================================================================
*                            Final Report                               *
=========================================================================
Final Results
RTL Top Level Output File Name     : ControlUnit.ngr
Top Level Output File Name         : ControlUnit
Output Format                      : NGC
Optimization Goal                  : Speed
Keep Hierarchy                     : No

Design Statistics
# IOs                              : 22

Cell Usage :
# BELS                             : 33
#      INV                         : 1
#      LUT2                        : 1
#      LUT3                        : 10
#      LUT4                        : 16
#      LUT4_L                      : 1
#      MUXF5                       : 4
# FlipFlops/Latches                : 4
#      FDC                         : 4
# Clock Buffers                    : 1
#      BUFGP                       : 1
# IO Buffers                       : 21
#      IBUF                        : 6
#      OBUF                        : 15
=========================================================================

Device utilization summary:
---------------------------

Selected Device : 3s100ecp132-5 

 Number of Slices:                       16  out of    960     1%  
 Number of Slice Flip Flops:              4  out of   1920     0%  
 Number of 4 input LUTs:                 29  out of   1920     1%  
 Number of IOs:                          22
 Number of bonded IOBs:                  22  out of     83    26%  
 Number of GCLKs:                         1  out of     24     4%  

---------------------------
Partition Resource Summary:
---------------------------

  No Partitions were found in this design.

---------------------------


=========================================================================
TIMING REPORT

NOTE: THESE TIMING NUMBERS ARE ONLY A SYNTHESIS ESTIMATE.
      FOR ACCURATE TIMING INFORMATION PLEASE REFER TO THE TRACE REPORT
      GENERATED AFTER PLACE-and-ROUTE.

Clock Information:
------------------
-----------------------------------+------------------------+-------+
Clock Signal                       | Clock buffer(FF name)  | Load  |
-----------------------------------+------------------------+-------+
CLK                                | BUFGP                  | 4     |
-----------------------------------+------------------------+-------+

Asynchronous Control Signals Information:
----------------------------------------
-----------------------------------+------------------------+-------+
Control Signal                     | Buffer(FF name)        | Load  |
-----------------------------------+------------------------+-------+
RESET                              | IBUF                   | 4     |
-----------------------------------+------------------------+-------+

Timing Summary:
---------------
Speed Grade: -5

   Minimum period: 4.126ns (Maximum Frequency: 242.345MHz)
   Minimum input arrival time before clock: 5.138ns
   Maximum output required time after clock: 5.792ns
   Maximum combinational path delay: No path found

Timing Detail:
--------------
All values displayed in nanoseconds (ns)

=========================================================================
Timing constraint: Default period analysis for Clock 'CLK'
  Clock period: 4.126ns (frequency: 242.345MHz)
  Total number of paths / destination ports: 28 / 4
-------------------------------------------------------------------------
Delay:               4.126ns (Levels of Logic = 3)
  Source:            Next_State_FSM_FFd4 (FF)
  Destination:       Next_State_FSM_FFd4 (FF)
  Source Clock:      CLK rising
  Destination Clock: CLK rising

  Data Path: Next_State_FSM_FFd4 to Next_State_FSM_FFd4
                                Gate     Net
    Cell:in->out      fanout   Delay   Delay  Logical Name (Net Name)
    ----------------------------------------  ------------
     FDC:C->Q             17   0.514   1.045  Next_State_FSM_FFd4 (Next_State_FSM_FFd4)
     LUT2:I0->O            1   0.612   0.360  Next_State_FSM_FFd4-In5 (Next_State_FSM_FFd4-In5)
     LUT4_L:I3->LO         1   0.612   0.103  Next_State_FSM_FFd4-In13 (Next_State_FSM_FFd4-In13)
     LUT4:I3->O            1   0.612   0.000  Next_State_FSM_FFd4-In98 (Next_State_FSM_FFd4-In)
     FDC:D                     0.268          Next_State_FSM_FFd4
    ----------------------------------------
    Total                      4.126ns (2.618ns logic, 1.508ns route)
                                       (63.4% logic, 36.6% route)

=========================================================================
Timing constraint: Default OFFSET IN BEFORE for Clock 'CLK'
  Total number of paths / destination ports: 29 / 4
-------------------------------------------------------------------------
Offset:              5.138ns (Levels of Logic = 5)
  Source:            COP<1> (PAD)
  Destination:       Next_State_FSM_FFd3 (FF)
  Destination Clock: CLK rising

  Data Path: COP<1> to Next_State_FSM_FFd3
                                Gate     Net
    Cell:in->out      fanout   Delay   Delay  Logical Name (Net Name)
    ----------------------------------------  ------------
     IBUF:I->O             7   1.106   0.754  COP_1_IBUF (COP_1_IBUF)
     LUT3:I0->O            1   0.612   0.509  Next_State_FSM_FFd3-In41 (Next_State_FSM_FFd3-In41)
     LUT3:I0->O            1   0.612   0.387  Next_State_FSM_FFd3-In69_G_SW0 (N26)
     LUT3:I2->O            1   0.612   0.000  Next_State_FSM_FFd3-In69_G (N23)
     MUXF5:I1->O           1   0.278   0.000  Next_State_FSM_FFd3-In69 (Next_State_FSM_FFd3-In)
     FDC:D                     0.268          Next_State_FSM_FFd3
    ----------------------------------------
    Total                      5.138ns (3.488ns logic, 1.650ns route)
                                       (67.9% logic, 32.1% route)

=========================================================================
Timing constraint: Default OFFSET OUT AFTER for Clock 'CLK'
  Total number of paths / destination ports: 55 / 15
-------------------------------------------------------------------------
Offset:              5.792ns (Levels of Logic = 2)
  Source:            Next_State_FSM_FFd4 (FF)
  Destination:       ControlWord<14> (PAD)
  Source Clock:      CLK rising

  Data Path: Next_State_FSM_FFd4 to ControlWord<14>
                                Gate     Net
    Cell:in->out      fanout   Delay   Delay  Logical Name (Net Name)
    ----------------------------------------  ------------
     FDC:C->Q             17   0.514   1.045  Next_State_FSM_FFd4 (Next_State_FSM_FFd4)
     LUT3:I0->O            3   0.612   0.451  Next_State_FSM_Out01 (ControlWord_5_OBUF)
     OBUF:I->O                 3.169          ControlWord_14_OBUF (ControlWord<14>)
    ----------------------------------------
    Total                      5.792ns (4.295ns logic, 1.497ns route)
                                       (74.2% logic, 25.8% route)

=========================================================================


Total REAL time to Xst completion: 6.00 secs
Total CPU time to Xst completion: 5.95 secs
 
--> 

Total memory usage is 293124 kilobytes

Number of errors   :    0 (   0 filtered)
Number of warnings :    0 (   0 filtered)
Number of infos    :    0 (   0 filtered)

