Command line:
   xnor_gate_isim_beh.exe
     -simmode  gui
     -simrunnum  0
     -socket  50806

Wed Oct 25 11:05:49 2017


 Elaboration Time: 0.125 sec

 Current Memory Usage: 369.357 Meg

 Total Signals          : 3
 Total Nets             : 3
 Total Signal Drivers   : 1
 Total Blocks           : 2
 Total Primitive Blocks : 2
 Total Processes        : 1
 Total Traceable Variables  : 8
 Total Scalar Nets and Variables : 363
Total Line Count : 1
Total Line Count : 1

 Total Simulation Time: 0.640625 sec

 Current Memory Usage: 998.502 Meg

Wed Oct 25 11:20:23 2017

