Release 14.2 - xst P.28xd (nt64)
Copyright (c) 1995-2012 Xilinx, Inc.  All rights reserved.
--> Parameter TMPDIR set to xst/projnav.tmp


Total REAL time to Xst completion: 0.00 secs
Total CPU time to Xst completion: 0.56 secs
 
--> Parameter xsthdpdir set to xst


Total REAL time to Xst completion: 0.00 secs
Total CPU time to Xst completion: 0.58 secs
 
--> Reading design: ALU_4bits.prj

TABLE OF CONTENTS
  1) Synthesis Options Summary
  2) HDL Compilation
  3) Design Hierarchy Analysis
  4) HDL Analysis
  5) HDL Synthesis
     5.1) HDL Synthesis Report
  6) Advanced HDL Synthesis
     6.1) Advanced HDL Synthesis Report
  7) Low Level Synthesis
  8) Partition Report
  9) Final Report
	9.1) Device utilization summary
	9.2) Partition Resource Summary
	9.3) TIMING REPORT


=========================================================================
*                      Synthesis Options Summary                        *
=========================================================================
---- Source Parameters
Input File Name                    : "ALU_4bits.prj"
Input Format                       : mixed
Ignore Synthesis Constraint File   : NO

---- Target Parameters
Output File Name                   : "ALU_4bits"
Output Format                      : NGC
Target Device                      : xc3s100e-4-cp132

---- Source Options
Top Module Name                    : ALU_4bits
Automatic FSM Extraction           : YES
FSM Encoding Algorithm             : Auto
Safe Implementation                : No
FSM Style                          : LUT
RAM Extraction                     : Yes
RAM Style                          : Auto
ROM Extraction                     : Yes
Mux Style                          : Auto
Decoder Extraction                 : YES
Priority Encoder Extraction        : Yes
Shift Register Extraction          : YES
Logical Shifter Extraction         : YES
XOR Collapsing                     : YES
ROM Style                          : Auto
Mux Extraction                     : Yes
Resource Sharing                   : YES
Asynchronous To Synchronous        : NO
Multiplier Style                   : Auto
Automatic Register Balancing       : No

---- Target Options
Add IO Buffers                     : YES
Global Maximum Fanout              : 500
Add Generic Clock Buffer(BUFG)     : 24
Register Duplication               : YES
Slice Packing                      : YES
Optimize Instantiated Primitives   : NO
Use Clock Enable                   : Yes
Use Synchronous Set                : Yes
Use Synchronous Reset              : Yes
Pack IO Registers into IOBs        : Auto
Equivalent register Removal        : YES

---- General Options
Optimization Goal                  : Speed
Optimization Effort                : 1
Keep Hierarchy                     : No
Netlist Hierarchy                  : As_Optimized
RTL Output                         : Yes
Global Optimization                : AllClockNets
Read Cores                         : YES
Write Timing Constraints           : NO
Cross Clock Analysis               : NO
Hierarchy Separator                : /
Bus Delimiter                      : <>
Case Specifier                     : Maintain
Slice Utilization Ratio            : 100
BRAM Utilization Ratio             : 100
Verilog 2001                       : YES
Auto BRAM Packing                  : NO
Slice Utilization Ratio Delta      : 5

=========================================================================


=========================================================================
*                          HDL Compilation                              *
=========================================================================
Compiling vhdl file "C:/Users/Jesus/Xilinx/Proyecto12/ALU_4bits.vhd" in Library work.
Entity <ALU_4bits> compiled.
Entity <ALU_4bits> (Architecture <Behavioral>) compiled.

=========================================================================
*                     Design Hierarchy Analysis                         *
=========================================================================
Analyzing hierarchy for entity <ALU_4bits> in library <work> (architecture <Behavioral>).


=========================================================================
*                            HDL Analysis                               *
=========================================================================
Analyzing Entity <ALU_4bits> in library <work> (Architecture <Behavioral>).
INFO:Xst:1561 - "C:/Users/Jesus/Xilinx/Proyecto12/ALU_4bits.vhd" line 55: Mux is complete : default of case is discarded
Entity <ALU_4bits> analyzed. Unit <ALU_4bits> generated.


=========================================================================
*                           HDL Synthesis                               *
=========================================================================

Performing bidirectional port resolution...

Synthesizing Unit <ALU_4bits>.
    Related source file is "C:/Users/Jesus/Xilinx/Proyecto12/ALU_4bits.vhd".
    Found 4-bit 4-to-1 multiplexer for signal <Resultado>.
    Found 4-bit addsub for signal <Resultado$addsub0000>.
    Summary:
	inferred   1 Adder/Subtractor(s).
	inferred   4 Multiplexer(s).
Unit <ALU_4bits> synthesized.

INFO:Xst:1767 - HDL ADVISOR - Resource sharing has identified that some arithmetic operations in this design can share the same physical resources for reduced device utilization. For improved clock frequency you may try to disable resource sharing.

=========================================================================
HDL Synthesis Report

Macro Statistics
# Adders/Subtractors                                   : 1
 4-bit addsub                                          : 1
# Multiplexers                                         : 1
 4-bit 4-to-1 multiplexer                              : 1

=========================================================================

=========================================================================
*                       Advanced HDL Synthesis                          *
=========================================================================


=========================================================================
Advanced HDL Synthesis Report

Macro Statistics
# Adders/Subtractors                                   : 1
 4-bit addsub                                          : 1
# Multiplexers                                         : 1
 4-bit 4-to-1 multiplexer                              : 1

=========================================================================

=========================================================================
*                         Low Level Synthesis                           *
=========================================================================

Optimizing unit <ALU_4bits> ...

Mapping all equations...
Building and optimizing final netlist ...
Found area constraint ratio of 100 (+ 5) on block ALU_4bits, actual ratio is 0.

Final Macro Processing ...

=========================================================================
Final Register Report

Found no macro
=========================================================================

=========================================================================
*                           Partition Report                            *
=========================================================================

Partition Implementation Status
-------------------------------

  No Partitions were found in this design.

-------------------------------

=========================================================================
*                            Final Report                               *
=========================================================================
Final Results
RTL Top Level Output File Name     : ALU_4bits.ngr
Top Level Output File Name         : ALU_4bits
Output Format                      : NGC
Optimization Goal                  : Speed
Keep Hierarchy                     : No

Design Statistics
# IOs                              : 15

Cell Usage :
# BELS                             : 14
#      LUT2                        : 3
#      LUT4                        : 9
#      MUXF5                       : 2
# IO Buffers                       : 15
#      IBUF                        : 10
#      OBUF                        : 5
=========================================================================

Device utilization summary:
---------------------------

Selected Device : 3s100ecp132-4 

 Number of Slices:                        7  out of    960     0%  
 Number of 4 input LUTs:                 12  out of   1920     0%  
 Number of IOs:                          15
 Number of bonded IOBs:                  15  out of     83    18%  

---------------------------
Partition Resource Summary:
---------------------------

  No Partitions were found in this design.

---------------------------


=========================================================================
TIMING REPORT

NOTE: THESE TIMING NUMBERS ARE ONLY A SYNTHESIS ESTIMATE.
      FOR ACCURATE TIMING INFORMATION PLEASE REFER TO THE TRACE REPORT
      GENERATED AFTER PLACE-and-ROUTE.

Clock Information:
------------------
No clock signals found in this design

Asynchronous Control Signals Information:
----------------------------------------
No asynchronous control signals found in this design

Timing Summary:
---------------
Speed Grade: -4

   Minimum period: No path found
   Minimum input arrival time before clock: No path found
   Maximum output required time after clock: No path found
   Maximum combinational path delay: 11.562ns

Timing Detail:
--------------
All values displayed in nanoseconds (ns)

=========================================================================
Timing constraint: Default path analysis
  Total number of paths / destination ports: 88 / 5
-------------------------------------------------------------------------
Delay:               11.562ns (Levels of Logic = 8)
  Source:            SEL_ALU<1> (PAD)
  Destination:       SalFZ (PAD)

  Data Path: SEL_ALU<1> to SalFZ
                                Gate     Net
    Cell:in->out      fanout   Delay   Delay  Logical Name (Net Name)
    ----------------------------------------  ------------
     IBUF:I->O             6   1.218   0.844  SEL_ALU_1_IBUF (SEL_ALU_1_IBUF)
     LUT2:I0->O            3   0.704   0.610  Resultado_mux00001 (Resultado_mux00001)
     LUT4:I1->O            2   0.704   0.482  Maddsub_Resultado_addsub0000_cy<1>1 (Maddsub_Resultado_addsub0000_cy<1>)
     LUT4:I2->O            1   0.704   0.424  Mmux_Resultado4_SW2_SW0 (N17)
     LUT4:I3->O            1   0.704   0.000  Mmux_Resultado41 (Mmux_Resultado4)
     MUXF5:I1->O           2   0.321   0.451  Mmux_Resultado4_f5 (Sal_ALU_3_OBUF)
     LUT4:I3->O            1   0.704   0.420  SalFZ_cmp_eq00001 (SalFZ_OBUF)
     OBUF:I->O                 3.272          SalFZ_OBUF (SalFZ)
    ----------------------------------------
    Total                     11.562ns (8.331ns logic, 3.231ns route)
                                       (72.1% logic, 27.9% route)

=========================================================================


Total REAL time to Xst completion: 19.00 secs
Total CPU time to Xst completion: 19.61 secs
 
--> 

Total memory usage is 243140 kilobytes

Number of errors   :    0 (   0 filtered)
Number of warnings :    0 (   0 filtered)
Number of infos    :    2 (   0 filtered)

