Running: C:\Xilinx\14.2\ISE_DS\ISE\bin\nt64\unwrapped\fuse.exe -intstyle ise -incremental -o C:/Users/Jesus/Xilinx/Proyecto12/ALU_4bits_tb_isim_beh.exe -prj C:/Users/Jesus/Xilinx/Proyecto12/ALU_4bits_tb_beh.prj work.ALU_4bits_tb 
ISim P.28xd (signature 0xa0883be4)
Number of CPUs detected in this system: 4
Turning on mult-threading, number of parallel sub-compilation jobs: 8 
Determining compilation order of HDL files
Parsing VHDL file "C:/Users/Jesus/Xilinx/Proyecto12/ALU_4bits.vhd" into library work
Parsing VHDL file "C:/Users/Jesus/Xilinx/Proyecto12/ALU_4bits_tb.vhd" into library work
Starting static elaboration
Completed static elaboration
Compiling package standard
Compiling package std_logic_1164
Compiling package numeric_std
Compiling architecture behavioral of entity ALU_4bits [alu_4bits_default]
Compiling architecture behavior of entity alu_4bits_tb
Time Resolution for simulation is 1ps.
Waiting for 1 sub-compilation(s) to finish...
Compiled 6 VHDL Units
Built simulation executable C:/Users/Jesus/Xilinx/Proyecto12/ALU_4bits_tb_isim_beh.exe
Fuse Memory Usage: 35624 KB
Fuse CPU Usage: 2202 ms
