Command line:
   RisingEdge_tb_isim_beh.exe
     -simmode  gui
     -simrunnum  1
     -socket  49913

Tue Nov 21 19:01:58 2017


 Elaboration Time: 0.03125 sec

 Current Memory Usage: 369.439 Meg

 Total Signals          : 10
 Total Nets             : 6
 Total Signal Drivers   : 5
 Total Blocks           : 3
 Total Primitive Blocks : 2
 Total Processes        : 5
 Total Traceable Variables  : 9
 Total Scalar Nets and Variables : 367
Total Line Count : 18

 Total Simulation Time: 0.078125 sec

 Current Memory Usage: 369.439 Meg

Tue Nov 21 19:02:04 2017

