\BOOKMARK [0][-]{chapter.1}{An\341lisis de requisitos}{}% 1
\BOOKMARK [1][-]{section.1.1}{Workspace}{chapter.1}% 2
\BOOKMARK [2][-]{subsection.1.1.1}{Profesorado}{section.1.1}% 3
\BOOKMARK [2][-]{subsection.1.1.2}{Alumnado}{section.1.1}% 4
\BOOKMARK [1][-]{section.1.2}{Caracter\355sticas de los puntos activos}{chapter.1}% 5
\BOOKMARK [1][-]{section.1.3}{Caracter\355sticas de las fantas\355as}{chapter.1}% 6
\BOOKMARK [0][-]{chapter.2}{Casos de uso}{}% 7
\BOOKMARK [1][-]{section.2.1}{CRUD fantas\355a}{chapter.2}% 8
\BOOKMARK [2][-]{subsection.2.1.1}{Crear fantas\355a}{section.2.1}% 9
\BOOKMARK [2][-]{subsection.2.1.2}{Visualizar fantas\355a}{section.2.1}% 10
\BOOKMARK [2][-]{subsection.2.1.3}{Modificar fantas\355a}{section.2.1}% 11
\BOOKMARK [2][-]{subsection.2.1.4}{Borrar fantas\355a}{section.2.1}% 12
\BOOKMARK [1][-]{section.2.2}{Elegir idioma}{chapter.2}% 13
\BOOKMARK [1][-]{section.2.3}{Copiar fantas\355a}{chapter.2}% 14
\BOOKMARK [1][-]{section.2.4}{CRUD background}{chapter.2}% 15
\BOOKMARK [1][-]{section.2.5}{CRUD punto activo}{chapter.2}% 16
\BOOKMARK [2][-]{subsection.2.5.1}{Crear punto activo}{section.2.5}% 17
\BOOKMARK [2][-]{subsection.2.5.2}{Visualizar punto activo}{section.2.5}% 18
\BOOKMARK [2][-]{subsection.2.5.3}{Modificar punto activo}{section.2.5}% 19
\BOOKMARK [2][-]{subsection.2.5.4}{Borrar punto activo}{section.2.5}% 20
\BOOKMARK [1][-]{section.2.6}{CRUD imagen}{chapter.2}% 21
\BOOKMARK [2][-]{subsection.2.6.1}{Crear imagen}{section.2.6}% 22
\BOOKMARK [2][-]{subsection.2.6.2}{Modificar imagen}{section.2.6}% 23
\BOOKMARK [2][-]{subsection.2.6.3}{Borrar imagen}{section.2.6}% 24
\BOOKMARK [1][-]{section.2.7}{CRUD v\355deo}{chapter.2}% 25
\BOOKMARK [2][-]{subsection.2.7.1}{Crear v\355deo}{section.2.7}% 26
\BOOKMARK [2][-]{subsection.2.7.2}{Modificar v\355deo}{section.2.7}% 27
\BOOKMARK [2][-]{subsection.2.7.3}{Borrar v\355deo}{section.2.7}% 28
\BOOKMARK [1][-]{section.2.8}{CRUD texto}{chapter.2}% 29
\BOOKMARK [1][-]{section.2.9}{CRUD quiz}{chapter.2}% 30
\BOOKMARK [2][-]{subsection.2.9.1}{Crear quiz}{section.2.9}% 31
\BOOKMARK [2][-]{subsection.2.9.2}{Visualizar quiz}{section.2.9}% 32
\BOOKMARK [2][-]{subsection.2.9.3}{Modificar quiz}{section.2.9}% 33
\BOOKMARK [2][-]{subsection.2.9.4}{Borrar quiz}{section.2.9}% 34
\BOOKMARK [1][-]{section.2.10}{CRUD efecto de audio}{chapter.2}% 35
\BOOKMARK [2][-]{subsection.2.10.1}{Crear efecto de audio}{section.2.10}% 36
\BOOKMARK [2][-]{subsection.2.10.2}{Modificar efecto de audio}{section.2.10}% 37
\BOOKMARK [2][-]{subsection.2.10.3}{Borrar efecto de audio}{section.2.10}% 38
\BOOKMARK [1][-]{section.2.11}{CRUD informaci\363n adicional}{chapter.2}% 39
\BOOKMARK [1][-]{section.2.12}{Organizar puntos activos}{chapter.2}% 40
\BOOKMARK [1][-]{section.2.13}{CRUD quiz final}{chapter.2}% 41
\BOOKMARK [2][-]{subsection.2.13.1}{Crear quiz final}{section.2.13}% 42
\BOOKMARK [2][-]{subsection.2.13.2}{Visualizar quiz final}{section.2.13}% 43
\BOOKMARK [2][-]{subsection.2.13.3}{Modificar quiz final}{section.2.13}% 44
\BOOKMARK [2][-]{subsection.2.13.4}{Borrar quiz final}{section.2.13}% 45
\BOOKMARK [1][-]{section.2.14}{Gestionar porcentaje de un punto activo}{chapter.2}% 46
\BOOKMARK [1][-]{section.2.15}{Gestionar ficha alumno}{chapter.2}% 47
\BOOKMARK [1][-]{section.2.16}{Asignar nota final}{chapter.2}% 48
\BOOKMARK [1][-]{section.2.17}{Asignar fantas\355a}{chapter.2}% 49
