Release 14.2 - xst P.28xd (nt64)
Copyright (c) 1995-2012 Xilinx, Inc.  All rights reserved.
--> Parameter TMPDIR set to xst/projnav.tmp


Total REAL time to Xst completion: 0.00 secs
Total CPU time to Xst completion: 0.17 secs
 
--> Parameter xsthdpdir set to xst


Total REAL time to Xst completion: 0.00 secs
Total CPU time to Xst completion: 0.17 secs
 
--> Reading design: ALU_1bit.prj

TABLE OF CONTENTS
  1) Synthesis Options Summary
  2) HDL Compilation
  3) Design Hierarchy Analysis
  4) HDL Analysis
  5) HDL Synthesis
     5.1) HDL Synthesis Report
  6) Advanced HDL Synthesis
     6.1) Advanced HDL Synthesis Report
  7) Low Level Synthesis
  8) Partition Report
  9) Final Report
	9.1) Device utilization summary
	9.2) Partition Resource Summary
	9.3) TIMING REPORT


=========================================================================
*                      Synthesis Options Summary                        *
=========================================================================
---- Source Parameters
Input File Name                    : "ALU_1bit.prj"
Input Format                       : mixed
Ignore Synthesis Constraint File   : NO

---- Target Parameters
Output File Name                   : "ALU_1bit"
Output Format                      : NGC
Target Device                      : xc3s100e-4-cp132

---- Source Options
Top Module Name                    : ALU_1bit
Automatic FSM Extraction           : YES
FSM Encoding Algorithm             : Auto
Safe Implementation                : No
FSM Style                          : LUT
RAM Extraction                     : Yes
RAM Style                          : Auto
ROM Extraction                     : Yes
Mux Style                          : Auto
Decoder Extraction                 : YES
Priority Encoder Extraction        : Yes
Shift Register Extraction          : YES
Logical Shifter Extraction         : YES
XOR Collapsing                     : YES
ROM Style                          : Auto
Mux Extraction                     : Yes
Resource Sharing                   : YES
Asynchronous To Synchronous        : NO
Multiplier Style                   : Auto
Automatic Register Balancing       : No

---- Target Options
Add IO Buffers                     : YES
Global Maximum Fanout              : 100000
Add Generic Clock Buffer(BUFG)     : 24
Register Duplication               : YES
Slice Packing                      : YES
Optimize Instantiated Primitives   : NO
Use Clock Enable                   : Yes
Use Synchronous Set                : Yes
Use Synchronous Reset              : Yes
Pack IO Registers into IOBs        : Auto
Equivalent register Removal        : YES

---- General Options
Optimization Goal                  : Speed
Optimization Effort                : 1
Keep Hierarchy                     : No
Netlist Hierarchy                  : As_Optimized
RTL Output                         : Yes
Global Optimization                : AllClockNets
Read Cores                         : YES
Write Timing Constraints           : NO
Cross Clock Analysis               : NO
Hierarchy Separator                : /
Bus Delimiter                      : <>
Case Specifier                     : Maintain
Slice Utilization Ratio            : 100
BRAM Utilization Ratio             : 100
Verilog 2001                       : YES
Auto BRAM Packing                  : NO
Slice Utilization Ratio Delta      : 5

=========================================================================


=========================================================================
*                          HDL Compilation                              *
=========================================================================
Compiling vhdl file "C:/Users/Jesus/Xilinx/Proyecto10/add_1bit.vhd" in Library work.
Architecture dataflow of Entity add_1bit is up to date.
Compiling vhdl file "C:/Users/Jesus/Xilinx/Proyecto10/and_gate.vhd" in Library work.
Architecture behavioral of Entity and_gate is up to date.
Compiling vhdl file "C:/Users/Jesus/Xilinx/Proyecto10/xnor_gate.vhd" in Library work.
Architecture behavioral of Entity xnor_gate is up to date.
Compiling vhdl file "C:/Users/Jesus/Xilinx/Proyecto10/ALU_1bit.vhd" in Library work.
Entity <alu_1bit> compiled.
Entity <alu_1bit> (Architecture <structural>) compiled.

=========================================================================
*                     Design Hierarchy Analysis                         *
=========================================================================
Analyzing hierarchy for entity <ALU_1bit> in library <work> (architecture <structural>).

Analyzing hierarchy for entity <add_1bit> in library <work> (architecture <dataflow>).

Analyzing hierarchy for entity <and_gate> in library <work> (architecture <behavioral>).

Analyzing hierarchy for entity <xnor_gate> in library <work> (architecture <behavioral>).


=========================================================================
*                            HDL Analysis                               *
=========================================================================
Analyzing Entity <ALU_1bit> in library <work> (Architecture <structural>).
INFO:Xst:1561 - "C:/Users/Jesus/Xilinx/Proyecto10/ALU_1bit.vhd" line 105: Mux is complete : default of case is discarded
Entity <ALU_1bit> analyzed. Unit <ALU_1bit> generated.

Analyzing Entity <add_1bit> in library <work> (Architecture <dataflow>).
Entity <add_1bit> analyzed. Unit <add_1bit> generated.

Analyzing Entity <and_gate> in library <work> (Architecture <behavioral>).
Entity <and_gate> analyzed. Unit <and_gate> generated.

Analyzing Entity <xnor_gate> in library <work> (Architecture <behavioral>).
Entity <xnor_gate> analyzed. Unit <xnor_gate> generated.


=========================================================================
*                           HDL Synthesis                               *
=========================================================================

Performing bidirectional port resolution...

Synthesizing Unit <add_1bit>.
    Related source file is "C:/Users/Jesus/Xilinx/Proyecto10/add_1bit.vhd".
    Found 1-bit xor2 for signal <Result>.
    Found 1-bit xor2 for signal <Cout$xor0000> created at line 44.
Unit <add_1bit> synthesized.


Synthesizing Unit <and_gate>.
    Related source file is "C:/Users/Jesus/Xilinx/Proyecto10/and_gate.vhd".
Unit <and_gate> synthesized.


Synthesizing Unit <xnor_gate>.
    Related source file is "C:/Users/Jesus/Xilinx/Proyecto10/xnor_gate.vhd".
    Found 1-bit xor2 for signal <c$xor0000>.
Unit <xnor_gate> synthesized.


Synthesizing Unit <ALU_1bit>.
    Related source file is "C:/Users/Jesus/Xilinx/Proyecto10/ALU_1bit.vhd".
    Found 1-bit 4-to-1 multiplexer for signal <Result>.
    Summary:
	inferred   1 Multiplexer(s).
Unit <ALU_1bit> synthesized.


=========================================================================
HDL Synthesis Report

Macro Statistics
# Multiplexers                                         : 1
 1-bit 4-to-1 multiplexer                              : 1
# Xors                                                 : 3
 1-bit xor2                                            : 3

=========================================================================

=========================================================================
*                       Advanced HDL Synthesis                          *
=========================================================================


=========================================================================
Advanced HDL Synthesis Report

Macro Statistics
# Multiplexers                                         : 1
 1-bit 4-to-1 multiplexer                              : 1
# Xors                                                 : 3
 1-bit xor2                                            : 3

=========================================================================

=========================================================================
*                         Low Level Synthesis                           *
=========================================================================

Optimizing unit <ALU_1bit> ...

Mapping all equations...
Building and optimizing final netlist ...
Found area constraint ratio of 100 (+ 5) on block ALU_1bit, actual ratio is 0.

Final Macro Processing ...

=========================================================================
Final Register Report

Found no macro
=========================================================================

=========================================================================
*                           Partition Report                            *
=========================================================================

Partition Implementation Status
-------------------------------

  No Partitions were found in this design.

-------------------------------

=========================================================================
*                            Final Report                               *
=========================================================================
Final Results
RTL Top Level Output File Name     : ALU_1bit.ngr
Top Level Output File Name         : ALU_1bit
Output Format                      : NGC
Optimization Goal                  : Speed
Keep Hierarchy                     : No

Design Statistics
# IOs                              : 7

Cell Usage :
# BELS                             : 4
#      LUT3                        : 2
#      LUT4                        : 1
#      MUXF5                       : 1
# IO Buffers                       : 7
#      IBUF                        : 5
#      OBUF                        : 2
=========================================================================

Device utilization summary:
---------------------------

Selected Device : 3s100ecp132-4 

 Number of Slices:                        2  out of    960     0%  
 Number of 4 input LUTs:                  3  out of   1920     0%  
 Number of IOs:                           7
 Number of bonded IOBs:                   7  out of     83     8%  

---------------------------
Partition Resource Summary:
---------------------------

  No Partitions were found in this design.

---------------------------


=========================================================================
TIMING REPORT

NOTE: THESE TIMING NUMBERS ARE ONLY A SYNTHESIS ESTIMATE.
      FOR ACCURATE TIMING INFORMATION PLEASE REFER TO THE TRACE REPORT
      GENERATED AFTER PLACE-and-ROUTE.

Clock Information:
------------------
No clock signals found in this design

Asynchronous Control Signals Information:
----------------------------------------
No asynchronous control signals found in this design

Timing Summary:
---------------
Speed Grade: -4

   Minimum period: No path found
   Minimum input arrival time before clock: No path found
   Maximum output required time after clock: No path found
   Maximum combinational path delay: 6.641ns

Timing Detail:
--------------
All values displayed in nanoseconds (ns)

=========================================================================
Timing constraint: Default path analysis
  Total number of paths / destination ports: 11 / 2
-------------------------------------------------------------------------
Delay:               6.641ns (Levels of Logic = 4)
  Source:            A (PAD)
  Destination:       Result (PAD)

  Data Path: A to Result
                                Gate     Net
    Cell:in->out      fanout   Delay   Delay  Logical Name (Net Name)
    ----------------------------------------  ------------
     IBUF:I->O             3   1.218   0.706  A_IBUF (A_IBUF)
     LUT4:I0->O            1   0.704   0.000  Mmux_Result_4 (Mmux_Result_4)
     MUXF5:I0->O           1   0.321   0.420  Mmux_Result_2_f5 (Result_OBUF)
     OBUF:I->O                 3.272          Result_OBUF (Result)
    ----------------------------------------
    Total                      6.641ns (5.515ns logic, 1.126ns route)
                                       (83.0% logic, 17.0% route)

=========================================================================


Total REAL time to Xst completion: 6.00 secs
Total CPU time to Xst completion: 5.83 secs
 
--> 

Total memory usage is 239460 kilobytes

Number of errors   :    0 (   0 filtered)
Number of warnings :    0 (   0 filtered)
Number of infos    :    1 (   0 filtered)

