--------------------------------------------------------------------------------
Release 14.2 Trace  (nt64)
Copyright (c) 1995-2012 Xilinx, Inc.  All rights reserved.

C:\Xilinx\14.2\ISE_DS\ISE\bin\nt64\unwrapped\trce.exe -intstyle ise -v 3 -s 4
-n 3 -fastpaths -xml Mux_Disp_LED.twx Mux_Disp_LED.ncd -o Mux_Disp_LED.twr
Mux_Disp_LED.pcf -ucf Mux_Disp_LED_ucf.ucf

Design file:              Mux_Disp_LED.ncd
Physical constraint file: Mux_Disp_LED.pcf
Device,package,speed:     xc3s100e,cp132,-4 (PRODUCTION 1.27 2012-07-09)
Report level:             verbose report

Environment Variable      Effect 
--------------------      ------ 
NONE                      No environment variables were set
--------------------------------------------------------------------------------

INFO:Timing:2698 - No timing constraints found, doing default enumeration.
INFO:Timing:3412 - To improve timing, see the Timing Closure User Guide (UG612).
INFO:Timing:2752 - To get complete path coverage, use the unconstrained paths 
   option. All paths that are not constrained will be reported in the 
   unconstrained paths section(s) of the report.
INFO:Timing:3339 - The clock-to-out numbers in this timing report are based on 
   a 50 Ohm transmission line loading model.  For the details of this model, 
   and for more information on accounting for different loading conditions, 
   please see the device datasheet.
INFO:Timing:3390 - This architecture does not support a default System Jitter 
   value, please add SYSTEM_JITTER constraint to the UCF to modify the Clock 
   Uncertainty calculation.
INFO:Timing:3389 - This architecture does not support 'Discrete Jitter' and 
   'Phase Error' calculations, these terms will be zero in the Clock 
   Uncertainty calculation.  Please make appropriate modification to 
   SYSTEM_JITTER to account for the unsupported Discrete Jitter and Phase 
   Error.



Data Sheet report:
-----------------
All values displayed in nanoseconds (ns)

Pad to Pad
---------------+---------------+---------+
Source Pad     |Destination Pad|  Delay  |
---------------+---------------+---------+
A<0>           |LED<0>         |    7.459|
A<0>           |Seg<0>         |    8.334|
A<0>           |Seg<1>         |    9.007|
A<0>           |Seg<2>         |    8.918|
A<0>           |Seg<3>         |    8.745|
A<0>           |Seg<4>         |    9.092|
A<0>           |Seg<5>         |    8.846|
A<0>           |Seg<6>         |    8.847|
A<1>           |LED<1>         |    8.017|
A<1>           |Seg<0>         |    9.911|
A<1>           |Seg<1>         |   10.058|
A<1>           |Seg<2>         |    9.231|
A<1>           |Seg<3>         |    9.844|
A<1>           |Seg<4>         |   10.011|
A<1>           |Seg<5>         |   10.078|
A<1>           |Seg<6>         |    9.238|
A<2>           |LED<2>         |    7.535|
A<2>           |Seg<0>         |    9.211|
A<2>           |Seg<1>         |    8.952|
A<2>           |Seg<2>         |    8.471|
A<2>           |Seg<3>         |    8.604|
A<2>           |Seg<4>         |    8.952|
A<2>           |Seg<5>         |    8.791|
A<2>           |Seg<6>         |    8.686|
A<3>           |LED<3>         |    7.971|
A<3>           |Seg<0>         |   10.105|
A<3>           |Seg<1>         |   10.201|
A<3>           |Seg<2>         |    9.608|
A<3>           |Seg<3>         |    9.894|
A<3>           |Seg<4>         |   10.241|
A<3>           |Seg<5>         |   10.041|
A<3>           |Seg<6>         |    9.044|
B<0>           |LED<0>         |    8.225|
B<0>           |Seg<0>         |    9.100|
B<0>           |Seg<1>         |    9.773|
B<0>           |Seg<2>         |    9.684|
B<0>           |Seg<3>         |    9.511|
B<0>           |Seg<4>         |    9.858|
B<0>           |Seg<5>         |    9.612|
B<0>           |Seg<6>         |    9.613|
B<1>           |LED<1>         |    8.068|
B<1>           |Seg<0>         |    9.962|
B<1>           |Seg<1>         |   10.109|
B<1>           |Seg<2>         |    9.282|
B<1>           |Seg<3>         |    9.895|
B<1>           |Seg<4>         |   10.062|
B<1>           |Seg<5>         |   10.129|
B<1>           |Seg<6>         |    9.289|
B<2>           |LED<2>         |    7.951|
B<2>           |Seg<0>         |    9.627|
B<2>           |Seg<1>         |    9.368|
B<2>           |Seg<2>         |    8.887|
B<2>           |Seg<3>         |    9.020|
B<2>           |Seg<4>         |    9.368|
B<2>           |Seg<5>         |    9.207|
B<2>           |Seg<6>         |    9.102|
B<3>           |LED<3>         |    7.806|
B<3>           |Seg<0>         |    9.940|
B<3>           |Seg<1>         |   10.036|
B<3>           |Seg<2>         |    9.443|
B<3>           |Seg<3>         |    9.729|
B<3>           |Seg<4>         |   10.076|
B<3>           |Seg<5>         |    9.876|
B<3>           |Seg<6>         |    8.879|
Sel            |LED<0>         |    7.550|
Sel            |LED<1>         |    8.299|
Sel            |LED<2>         |    8.153|
Sel            |LED<3>         |    7.561|
Sel            |Seg<0>         |   10.193|
Sel            |Seg<1>         |   10.340|
Sel            |Seg<2>         |    9.513|
Sel            |Seg<3>         |   10.126|
Sel            |Seg<4>         |   10.293|
Sel            |Seg<5>         |   10.360|
Sel            |Seg<6>         |    9.520|
---------------+---------------+---------+


Analysis completed Wed Oct 18 12:45:40 2017 
--------------------------------------------------------------------------------

Trace Settings:
-------------------------
Trace Settings 

Peak Memory Usage: 154 MB



