\BOOKMARK [-1][-]{part.1}{I Proleg\363meno}{}% 1
\BOOKMARK [0][-]{chapter.1}{Introducci\363n}{part.1}% 2
\BOOKMARK [1][-]{section.1.1}{Motivaci\363n}{chapter.1}% 3
\BOOKMARK [1][-]{section.1.2}{Descripci\363n del sistema actual}{chapter.1}% 4
\BOOKMARK [1][-]{section.1.3}{Objetivos y alcance del proyecto}{chapter.1}% 5
\BOOKMARK [2][-]{subsection.1.3.1}{Objetivos}{section.1.3}% 6
\BOOKMARK [2][-]{subsection.1.3.2}{Alcance}{section.1.3}% 7
\BOOKMARK [1][-]{section.1.4}{Organizaci\363n del documento}{chapter.1}% 8
\BOOKMARK [0][-]{chapter.2}{Planificaci\363n}{part.1}% 9
\BOOKMARK [1][-]{section.2.1}{Metodolog\355a de desarrollo}{chapter.2}% 10
\BOOKMARK [1][-]{section.2.2}{Planificaci\363n del proyecto}{chapter.2}% 11
\BOOKMARK [1][-]{section.2.3}{Organizaci\363n}{chapter.2}% 12
\BOOKMARK [2][-]{subsection.2.3.1}{Roles}{section.2.3}% 13
\BOOKMARK [2][-]{subsection.2.3.2}{Recursos hardware y software}{section.2.3}% 14
\BOOKMARK [1][-]{section.2.4}{Costes}{chapter.2}% 15
\BOOKMARK [2][-]{subsection.2.4.1}{Costes humanos}{section.2.4}% 16
\BOOKMARK [2][-]{subsection.2.4.2}{Costes materiales}{section.2.4}% 17
\BOOKMARK [1][-]{section.2.5}{Gesti\363n de riesgos}{chapter.2}% 18
\BOOKMARK [1][-]{section.2.6}{Pol\355tica de equipo}{chapter.2}% 19
\BOOKMARK [1][-]{section.2.7}{Hitos}{chapter.2}% 20
\BOOKMARK [2][-]{subsection.2.7.1}{Sprint 0 \(27 de febrero al 6 de marzo\)}{section.2.7}% 21
\BOOKMARK [2][-]{subsection.2.7.2}{Sprint 1 \(6 de marzo al 27 de marzo\)}{section.2.7}% 22
\BOOKMARK [2][-]{subsection.2.7.3}{Sprint 2 \(27 de marzo al 3 de abril\)}{section.2.7}% 23
\BOOKMARK [2][-]{subsection.2.7.4}{Sprint 3 \(3 de abril al 10 de abril\)}{section.2.7}% 24
\BOOKMARK [2][-]{subsection.2.7.5}{Sprint 4 \(10 de abril al 24 de abril\)}{section.2.7}% 25
\BOOKMARK [2][-]{subsection.2.7.6}{Sprint 5 \(24 de abril al 1 de mayo\)}{section.2.7}% 26
\BOOKMARK [1][-]{section.2.8}{Reuniones}{chapter.2}% 27
\BOOKMARK [2][-]{subsection.2.8.1}{Reuni\363n 0 \(27 de febrero\)}{section.2.8}% 28
\BOOKMARK [2][-]{subsection.2.8.2}{Reuni\363n 1 \(6 de marzo\)}{section.2.8}% 29
\BOOKMARK [2][-]{subsection.2.8.3}{Reuni\363n 2 \(27 de marzo\)}{section.2.8}% 30
\BOOKMARK [2][-]{subsection.2.8.4}{Reuni\363n 3 \(3 de abril\)}{section.2.8}% 31
\BOOKMARK [2][-]{subsection.2.8.5}{Reuni\363n 4 \(10 de abril\)}{section.2.8}% 32
\BOOKMARK [2][-]{subsection.2.8.6}{Reuni\363n 5 \(24 de abril\)}{section.2.8}% 33
\BOOKMARK [-1][-]{part.2}{II Desarrollo}{}% 34
\BOOKMARK [0][-]{chapter.3}{An\341lisis de requisitos}{part.2}% 35
\BOOKMARK [1][-]{section.3.1}{Workspace}{chapter.3}% 36
\BOOKMARK [2][-]{subsection.3.1.1}{Profesorado}{section.3.1}% 37
\BOOKMARK [2][-]{subsection.3.1.2}{Alumnado}{section.3.1}% 38
\BOOKMARK [1][-]{section.3.2}{Caracter\355sticas de los puntos activos}{chapter.3}% 39
\BOOKMARK [1][-]{section.3.3}{Caracter\355sticas de las fantas\355as}{chapter.3}% 40
\BOOKMARK [0][-]{chapter.4}{Dise\361o del sistema}{part.2}% 41
\BOOKMARK [1][-]{section.4.1}{Casos de uso}{chapter.4}% 42
\BOOKMARK [2][-]{subsection.4.1.1}{CRUD fantas\355a}{section.4.1}% 43
\BOOKMARK [2][-]{subsection.4.1.2}{Visualizar fantas\355a}{section.4.1}% 44
\BOOKMARK [2][-]{subsection.4.1.3}{Modificar fantas\355a}{section.4.1}% 45
\BOOKMARK [2][-]{subsection.4.1.4}{Borrar fantas\355a}{section.4.1}% 46
\BOOKMARK [1][-]{section.4.2}{Elegir idioma}{chapter.4}% 47
\BOOKMARK [1][-]{section.4.3}{Copiar fantas\355a}{chapter.4}% 48
\BOOKMARK [1][-]{section.4.4}{CRUD background}{chapter.4}% 49
\BOOKMARK [1][-]{section.4.5}{CRUD punto activo}{chapter.4}% 50
\BOOKMARK [2][-]{subsection.4.5.1}{Crear punto activo}{section.4.5}% 51
\BOOKMARK [2][-]{subsection.4.5.2}{Visualizar punto activo}{section.4.5}% 52
\BOOKMARK [2][-]{subsection.4.5.3}{Modificar punto activo}{section.4.5}% 53
\BOOKMARK [2][-]{subsection.4.5.4}{Borrar punto activo}{section.4.5}% 54
\BOOKMARK [1][-]{section.4.6}{CRUD imagen}{chapter.4}% 55
\BOOKMARK [2][-]{subsection.4.6.1}{Crear imagen}{section.4.6}% 56
\BOOKMARK [2][-]{subsection.4.6.2}{Modificar imagen}{section.4.6}% 57
\BOOKMARK [2][-]{subsection.4.6.3}{Borrar imagen}{section.4.6}% 58
\BOOKMARK [1][-]{section.4.7}{CRUD v\355deo}{chapter.4}% 59
\BOOKMARK [2][-]{subsection.4.7.1}{Crear v\355deo}{section.4.7}% 60
\BOOKMARK [2][-]{subsection.4.7.2}{Modificar v\355deo}{section.4.7}% 61
\BOOKMARK [2][-]{subsection.4.7.3}{Borrar v\355deo}{section.4.7}% 62
\BOOKMARK [1][-]{section.4.8}{CRUD texto}{chapter.4}% 63
\BOOKMARK [1][-]{section.4.9}{CRUD quiz}{chapter.4}% 64
\BOOKMARK [2][-]{subsection.4.9.1}{Crear quiz}{section.4.9}% 65
\BOOKMARK [2][-]{subsection.4.9.2}{Visualizar quiz}{section.4.9}% 66
\BOOKMARK [2][-]{subsection.4.9.3}{Modificar quiz}{section.4.9}% 67
\BOOKMARK [2][-]{subsection.4.9.4}{Borrar quiz}{section.4.9}% 68
\BOOKMARK [1][-]{section.4.10}{CRUD efecto de audio}{chapter.4}% 69
\BOOKMARK [2][-]{subsection.4.10.1}{Crear efecto de audio}{section.4.10}% 70
\BOOKMARK [2][-]{subsection.4.10.2}{Modificar efecto de audio}{section.4.10}% 71
\BOOKMARK [2][-]{subsection.4.10.3}{Borrar efecto de audio}{section.4.10}% 72
\BOOKMARK [1][-]{section.4.11}{CRUD informaci\363n adicional}{chapter.4}% 73
\BOOKMARK [1][-]{section.4.12}{Organizar puntos activos}{chapter.4}% 74
\BOOKMARK [1][-]{section.4.13}{CRUD quiz final}{chapter.4}% 75
\BOOKMARK [2][-]{subsection.4.13.1}{Crear quiz final}{section.4.13}% 76
\BOOKMARK [2][-]{subsection.4.13.2}{Visualizar quiz final}{section.4.13}% 77
\BOOKMARK [2][-]{subsection.4.13.3}{Modificar quiz final}{section.4.13}% 78
\BOOKMARK [2][-]{subsection.4.13.4}{Borrar quiz final}{section.4.13}% 79
\BOOKMARK [0][-]{chapter.5}{Implementaci\363n del sistema}{part.2}% 80
\BOOKMARK [1][-]{section.5.1}{Entorno tecnol\363gico}{chapter.5}% 81
\BOOKMARK [1][-]{section.5.2}{C\363digo fuente}{chapter.5}% 82
\BOOKMARK [1][-]{section.5.3}{Calidad de c\363digo}{chapter.5}% 83
\BOOKMARK [0][-]{chapter.6}{Pruebas del sistema}{part.2}% 84
\BOOKMARK [1][-]{section.6.1}{Pruebas unitarias}{chapter.6}% 85
\BOOKMARK [1][-]{section.6.2}{Pruebas de integraci\363n}{chapter.6}% 86
\BOOKMARK [1][-]{section.6.3}{Pruebas de sistema}{chapter.6}% 87
\BOOKMARK [2][-]{subsection.6.3.1}{Pruebas funcionales}{section.6.3}% 88
\BOOKMARK [2][-]{subsection.6.3.2}{Pruebas no funcionales}{section.6.3}% 89
\BOOKMARK [1][-]{section.6.4}{Pruebas de acpetaci\363n}{chapter.6}% 90
\BOOKMARK [-1][-]{part.3}{III Epl\355logo}{}% 91
\BOOKMARK [0][-]{chapter.7}{Manual de usuario}{part.3}% 92
\BOOKMARK [1][-]{section.7.1}{Introducci\363n}{chapter.7}% 93
\BOOKMARK [1][-]{section.7.2}{Caracter\355sticas}{chapter.7}% 94
\BOOKMARK [1][-]{section.7.3}{Requisitos previos}{chapter.7}% 95
\BOOKMARK [1][-]{section.7.4}{Utilizaci\363n}{chapter.7}% 96
\BOOKMARK [0][-]{chapter.8}{Manual de instalaci\363n y explotaci\363n}{part.3}% 97
\BOOKMARK [1][-]{section.8.1}{Introducci\363n}{chapter.8}% 98
\BOOKMARK [1][-]{section.8.2}{Requisitos previos}{chapter.8}% 99
\BOOKMARK [1][-]{section.8.3}{Inventario de componentes}{chapter.8}% 100
\BOOKMARK [1][-]{section.8.4}{Procedimientos de instalaci\363n}{chapter.8}% 101
\BOOKMARK [1][-]{section.8.5}{Procedimientos de operaci\363n y nivel de servicio}{chapter.8}% 102
\BOOKMARK [1][-]{section.8.6}{Pruebas de implantaci\363n}{chapter.8}% 103
\BOOKMARK [0][-]{chapter.9}{Conclusiones}{part.3}% 104
\BOOKMARK [1][-]{section.9.1}{Objetivos}{chapter.9}% 105
\BOOKMARK [1][-]{section.9.2}{Lecciones aprendidas}{chapter.9}% 106
\BOOKMARK [1][-]{section.9.3}{Trabajo futuro}{chapter.9}% 107
